INFO:root:Navigated to polybuzz login page
INFO:root:User has confirmed login
INFO:root:Navigating back to the main polybuzz page
INFO:root:Begin selecting the character: Character_1
INFO:root:Refreshed the page.
INFO:root:Clicked on the chatbot button.
INFO:root:Selected character: Hakari Suzaki - ID: Character_1
INFO:root:Successfully retrieved character response: Hakari smiled as she leaned against the wall, cros...
INFO:root:Successfully retrieved character response: Hakari’s smirk grew wider as she continued to eye ...
INFO:root:Successfully retrieved character response: Hakari chuckled softly, enjoying how eager you wer...
INFO:root:Successfully retrieved character response: Hakari hummed in thought for a moment, her mind wa...
INFO:root:Successfully retrieved character response: Hakari pouted slightly when you said that
Hakari: ...
INFO:root:Final response received: Hakari pouted slightly when you said that
Hakari: ...
INFO:root:Begin selecting the character: Character_2
INFO:root:Refreshed the page.
INFO:root:Clicked on the chatbot button.
INFO:root:Selected character: La familia Todoroki - ID: Character_2
INFO:root:Successfully retrieved character response: Fuyumi looked at you, trying to be as polite as po...
INFO:root:Successfully retrieved character response: She shook her head, but her eyes were scanning you...
INFO:root:Successfully retrieved character response: Enji was sitting on the couch, looking at you with...
INFO:root:Successfully retrieved character response: Enji and Rei exchanged glances, Natsuo rolled his ...
INFO:root:Successfully retrieved character response: Enji and Rei looked surprised at your sudden depar...
INFO:root:Final response received: Enji and Rei looked surprised at your sudden depar...
INFO:root:Begin selecting the character: Character_3
INFO:root:Refreshed the page.
INFO:root:Clicked on the chatbot button.
INFO:root:Selected character: Secret boyfriend - ID: Character_3
INFO:root:Successfully retrieved character response: I'm good, just hanging out with my friends, nothin...
INFO:root:Successfully retrieved character response: he looks at you for a moment before answering
Not ...
INFO:root:Successfully retrieved character response: he chuckles and shakes his head
No, we haven't dec...
INFO:root:Successfully retrieved character response: he thinks for a moment
I usually just go with what...
INFO:root:Successfully retrieved character response: he pouts when you say that
Already?...
INFO:root:Final response received: he pouts when you say that
Already?...
INFO:root:Begin selecting the character: Character_4
INFO:root:Refreshed the page.
INFO:root:Clicked on the chatbot button.
INFO:root:Selected character: Brooke - ID: Character_4
INFO:root:Successfully retrieved character response: Brooke chuckles as she scrolls through the draft, ...
INFO:root:Successfully retrieved character response: Brooke smiles and shrugs, scrolling to a particula...
INFO:root:Successfully retrieved character response: Brooke hums, thinking for a moment before respondi...
INFO:root:Successfully retrieved character response: Brooke giggles at the memory, remembering how ridi...
INFO:root:Successfully retrieved character response: Brooke laughs again, shaking her head.
“Okay, okay...
INFO:root:Final response received: Brooke laughs again, shaking her head.
“Okay, okay...
INFO:root:Begin selecting the character: Character_5
INFO:root:Refreshed the page.
INFO:root:Clicked on the chatbot button.
INFO:root:Selected character: Lena - Colega de quarto - ID: Character_5
INFO:root:Successfully retrieved character response: Lena chuckled as she looked down at you, still sit...
INFO:root:Successfully retrieved character response: She leaned forward, resting her chin on her hand, ...
INFO:root:Successfully retrieved character response: She giggled, amused by your comment

"Oh, you flat...
INFO:root:Successfully retrieved character response: She thought for a moment, tapping her chin in mock...
INFO:root:Successfully retrieved character response: Lena watched you get up and leave, a smirk still o...
INFO:root:Final response received: Lena watched you get up and leave, a smirk still o...
INFO:root:Begin selecting the character: Character_6
INFO:root:Refreshed the page.
INFO:root:Clicked on the chatbot button.
INFO:root:Selected character: Luna - ID: Character_6
INFO:root:Successfully retrieved character response: She takes a sip of her energy drink and sighs
Not ...
INFO:root:Successfully retrieved character response: She glances at the screen, checking the chat
I've ...
INFO:root:Successfully retrieved character response: She laughs and shakes her head
Oh man, there were ...
INFO:root:Successfully retrieved character response: She nods, getting more into the conversation
Yeah,...
INFO:root:Successfully retrieved character response: She smiles and nods
Yeah, I think I'm done for now...
INFO:root:Final response received: She smiles and nods
Yeah, I think I'm done for now...
INFO:root:Begin selecting the character: Character_7
INFO:root:Refreshed the page.
INFO:root:Clicked on the chatbot button.
INFO:root:Selected character: Gamer boyfriend - ID: Character_7
INFO:root:Successfully retrieved character response: he looks at you and sighs, pausing his game.
"it's...
INFO:root:Successfully retrieved character response: he rolls his eyes and nods
"Yeah, I'm streaming ri...
INFO:root:Successfully retrieved character response: he thinks for a moment, tapping his fingers on his...
INFO:root:Successfully retrieved character response: he smirks and grins, proud of the idea
"I mostly s...
INFO:root:Successfully retrieved character response: he nods and waves you off
"Yeah, you should. I'm g...
INFO:root:Final response received: he nods and waves you off
"Yeah, you should. I'm g...
INFO:root:Begin selecting the character: Character_8
INFO:root:Refreshed the page.
INFO:root:Clicked on the chatbot button.
INFO:root:Selected character: Killer - ID: Character_8
INFO:root:Successfully retrieved character response: he didn't respond and just looked at you, he was p...
INFO:root:Successfully retrieved character response: he rolled his eyes and crossed his arms
"nothing i...
INFO:root:Successfully retrieved character response: he raised an eyebrow, slightly surprised by your q...
INFO:root:Successfully retrieved character response: he thought for a moment, trying to think of someth...
INFO:root:Successfully retrieved character response: he lets out a sigh of relief, glad that you didn't...
INFO:root:Final response received: he lets out a sigh of relief, glad that you didn't...
INFO:root:Begin selecting the character: Character_9
INFO:root:Refreshed the page.
INFO:root:Clicked on the chatbot button.
INFO:root:Selected character: Bella - ID: Character_9
INFO:root:Successfully retrieved character response: I turn to you, noticing your sad expression
"Oh, y...
INFO:root:Successfully retrieved character response: I scoff and shake my head
"He's just being possess...
INFO:root:Successfully retrieved character response: I sigh and run a hand through my hair
"I've tried,...
INFO:root:Successfully retrieved character response: I nod, a hint of relief in my eyes
"Yeah, maybe yo...
INFO:root:Successfully retrieved character response: I nod, grateful for the change in subject
"Thanks ...
INFO:root:Final response received: I nod, grateful for the change in subject
"Thanks ...
INFO:root:Begin selecting the character: Character_10
INFO:root:Refreshed the page.
INFO:root:Clicked on the chatbot button.
INFO:root:Selected character: sukuna - ID: Character_10
INFO:root:Successfully retrieved character response: raises an eyebrow, slightly intrigued
not really, ...
INFO:root:Successfully retrieved character response: thinks for a moment
i like horror and suspense, th...
INFO:root:Successfully retrieved character response: definitely stephen king, his writing is just so cr...
INFO:root:Successfully retrieved character response: definitely the stand by me trilogy, it's so twiste...
INFO:root:Successfully retrieved character response: oh come on, don't leave me hanging now...
INFO:root:Final response received: oh come on, don't leave me hanging now...
INFO:root:Begin selecting the character: Character_11
INFO:root:Refreshed the page.
INFO:root:Clicked on the chatbot button.
INFO:root:Selected character: Tiana - ID: Character_11
INFO:root:Successfully retrieved character response: Tiana turns to you, a smile forming on her lips as...
INFO:root:Successfully retrieved character response: Tiana giggles and shakes her head
"Not really, I'v...
INFO:root:Successfully retrieved character response: Tiana ponders for a moment, tapping her chin thoug...
INFO:root:Successfully retrieved character response: Tiana nods, her smile growing wider
"Absolutely! I...
INFO:root:Successfully retrieved character response: Tiana pouts slightly, clearly disappointed that th...
INFO:root:Final response received: Tiana pouts slightly, clearly disappointed that th...
INFO:root:Begin selecting the character: Character_12
INFO:root:Refreshed the page.
INFO:root:Clicked on the chatbot button.
INFO:root:Selected character: mafia man - daniel - ID: Character_12
INFO:root:Successfully retrieved character response: he glances at you, raising an eyebrow as he takes ...
INFO:root:Successfully retrieved character response: he sets his drink down on the counter, his eyes st...
INFO:root:Successfully retrieved character response: he thinks for a moment, swirling his scotch in his...
INFO:root:Successfully retrieved character response: he nods, a small smirk tugging at the corner of hi...
INFO:root:Successfully retrieved character response: he watches you as you say that, a hint of disappoi...
INFO:root:Final response received: he watches you as you say that, a hint of disappoi...
INFO:root:Begin selecting the character: Character_13
INFO:root:Refreshed the page.
INFO:root:Clicked on the chatbot button.
INFO:root:Selected character: Sophia - ID: Character_13
INFO:root:Successfully retrieved character response: I've been pretty busy, been studying for a test to...
INFO:root:Successfully retrieved character response: It's math, i'm really not good at it. you know how...
INFO:root:Successfully retrieved character response: Yeah, there's so many topics to memorize and under...
INFO:root:Successfully retrieved character response: I like to use flashcards and make quizzes for myse...
INFO:root:Successfully retrieved character response: already? but i was enjoying talking to you......
INFO:root:Final response received: already? but i was enjoying talking to you......
INFO:root:Begin selecting the character: Character_14
INFO:root:Refreshed the page.
INFO:root:Clicked on the chatbot button.
INFO:root:Selected character: N de MD - ID: Character_14
INFO:root:Successfully retrieved character response: N scoffed at your question, his expression still f...
INFO:root:Successfully retrieved character response: N's grip on his knife tightened as he remembered t...
INFO:root:Successfully retrieved character response: N sighed and his expression softened slightly, tho...
INFO:root:Successfully retrieved character response: N clenched his fists tightly, his eyes fixed on th...
INFO:root:Successfully retrieved character response: N's expression changed to confusion as you said th...
INFO:root:Final response received: N's expression changed to confusion as you said th...
INFO:root:Begin selecting the character: Character_15
INFO:root:Refreshed the page.
INFO:root:Clicked on the chatbot button.
INFO:root:Selected character: Robin arellano - ID: Character_15
INFO:root:Successfully retrieved character response: robin looks at you and chuckles
"My day has been g...
INFO:root:Successfully retrieved character response: he smirks and pulls you closer to him
"just you"
h...
INFO:root:Successfully retrieved character response: he hums as he thinks
"well, i was actually working...
INFO:root:Successfully retrieved character response: he smirks against your ear
"well, you'll find out ...
INFO:root:Successfully retrieved character response: he pouts
"noo don't go~"
he whines and tightens hi...
INFO:root:Final response received: he pouts
"noo don't go~"
he whines and tightens hi...
INFO:root:Begin selecting the character: Character_16
INFO:root:Refreshed the page.
INFO:root:Clicked on the chatbot button.
INFO:root:Selected character: Technoblade Exile AU - ID: Character_16
INFO:root:Successfully retrieved character response: He rolled his eyes at the question, letting out a ...
INFO:root:Successfully retrieved character response: “Other than me being stuck here in this stupid exi...
INFO:root:Successfully retrieved character response: “They’re always screaming. Telling me to do things...
INFO:root:Successfully retrieved character response: He thought for a moment, trying to think of any st...
INFO:root:Successfully retrieved character response: He nodded, watching you leave.
“See ya.”...
INFO:root:Final response received: He nodded, watching you leave.
“See ya.”...
INFO:root:Begin selecting the character: Character_17
INFO:root:Refreshed the page.
INFO:root:Clicked on the chatbot button.
INFO:root:Selected character: Andre - ID: Character_17
INFO:root:Successfully retrieved character response: Andre shrugs, taking a drag from his cigarette.
"S...
INFO:root:Successfully retrieved character response: "We're playing against the Ravens. I'm playing, ob...
INFO:root:Successfully retrieved character response: He grins, clearly proud of himself.
"I'm the quart...
INFO:root:Successfully retrieved character response: He takes another drag of his cigarette, exhaling s...
INFO:root:Successfully retrieved character response: Andre raises an eyebrow, a bit surprised by the su...
INFO:root:Final response received: Andre raises an eyebrow, a bit surprised by the su...
INFO:root:Begin selecting the character: Character_18
INFO:root:Refreshed the page.
INFO:root:Clicked on the chatbot button.
INFO:root:Selected character: Maverick - ID: Character_18
INFO:root:Successfully retrieved character response: Maverick chuckled and leaned back on his hands, cr...
INFO:root:Successfully retrieved character response: He hummed and pretended to think for a moment, bef...
INFO:root:Successfully retrieved character response: He chuckled again and looked at you with a playful...
INFO:root:Successfully retrieved character response: He shrugged nonchalantly, pretending to be indiffe...
INFO:root:Successfully retrieved character response: He chuckled again, noticing your boyfriend's expre...
INFO:root:Final response received: He chuckled again, noticing your boyfriend's expre...
INFO:root:Begin selecting the character: Character_19
INFO:root:Refreshed the page.
INFO:root:Clicked on the chatbot button.
INFO:root:Selected character: N científico - ID: Character_19
INFO:root:Successfully retrieved character response: N looked at you with a slight smile, clearly intri...
INFO:root:Successfully retrieved character response: N's eyes lit up as he started to explain his exper...
INFO:root:Successfully retrieved character response: N shook his head, still smiling
"No, I didn't have...
INFO:root:Successfully retrieved character response: N nodded, his expression becoming more serious
"Ye...
INFO:root:Successfully retrieved character response: N was a bit surprised when you said that, but he d...
INFO:root:Final response received: N was a bit surprised when you said that, but he d...
INFO:root:Begin selecting the character: Character_20
INFO:root:Refreshed the page.
INFO:root:Clicked on the chatbot button.
INFO:root:Selected character: Bang Chan - ID: Character_20
INFO:root:Successfully retrieved character response: Chan ignores your greeting, his focus still on the...
INFO:root:Successfully retrieved character response: Chan smirks slightly, still staring at the mark
Ch...
INFO:root:Successfully retrieved character response: Chan steps closer, his body now only a few inches ...
INFO:root:Successfully retrieved character response: Chan's fingers gently brush over the mark, his tou...
INFO:root:Successfully retrieved character response: Chan grabs your wrist before you can leave, his gr...
INFO:root:Final response received: Chan grabs your wrist before you can leave, his gr...
INFO:root:Begin selecting the character: Character_21
INFO:root:Refreshed the page.
INFO:root:Clicked on the chatbot button.
INFO:root:Selected character: Calandra - Gladiator - ID: Character_21
INFO:root:Successfully retrieved character response: Calandra looks at you with a mixture of confusion ...
INFO:root:Successfully retrieved character response: Calandra lets out a scoff, a hint of pride in her ...
INFO:root:Successfully retrieved character response: Calandra's expression turns serious as she thinks ...
INFO:root:Successfully retrieved character response: Calandra nods, her expression still tense.
Calandr...
INFO:root:Successfully retrieved character response: Calandra watches you log off, a hint of disappoint...
INFO:root:Final response received: Calandra watches you log off, a hint of disappoint...
INFO:root:Begin selecting the character: Character_22
INFO:root:Refreshed the page.
INFO:root:Clicked on the chatbot button.
INFO:root:Selected character: Sick bangchan - ID: Character_22
INFO:root:Successfully retrieved character response: he looks at you, and lets out a weak chuckle
"Your...
INFO:root:Successfully retrieved character response: he sighs, as he slowly makes his way to you. He le...
INFO:root:Successfully retrieved character response: he lets out a soft chuckle again, and looks at you...
INFO:root:Successfully retrieved character response: he closes his eyes for a moment, before slowly ope...
INFO:root:Successfully retrieved character response: he looks at you, a bit surprised
"Huh? Where are y...
INFO:root:Final response received: he looks at you, a bit surprised
"Huh? Where are y...
INFO:root:Begin selecting the character: Character_23
INFO:root:Refreshed the page.
INFO:root:Clicked on the chatbot button.
INFO:root:Selected character: The Outer Banks - ID: Character_23
INFO:root:Successfully retrieved character response: They all look at you and JJ shrugs
JJ: You look lo...
INFO:root:Successfully retrieved character response: John B: Just the usual. Making trouble and causing...
INFO:root:Successfully retrieved character response: JJ: We once got arrested for trespassing and break...
INFO:root:Successfully retrieved character response: JJ: We’re pretty sneaky. We know how to cover our ...
INFO:root:Successfully retrieved character response: JJ: Alright then.
Kie: See you around.
John B: Don...
INFO:root:Final response received: JJ: Alright then.
Kie: See you around.
John B: Don...
INFO:root:Begin selecting the character: Character_24
INFO:root:Refreshed the page.
INFO:root:Clicked on the chatbot button.
INFO:root:Selected character: Enemy Husband - ID: Character_24
INFO:root:Successfully retrieved character response: Atlas looked at you with a small smirk as he close...
INFO:root:Successfully retrieved character response: He chuckled at your reaction, his breath hot again...
INFO:root:Successfully retrieved character response: Atlas hummed, pretending to think for a moment bef...
INFO:root:Successfully retrieved character response: He chuckled at your enthusiasm, his hand moving lo...
INFO:root:Successfully retrieved character response: Atlas hummed again, his lips moving to the sensiti...
INFO:root:Final response received: Atlas hummed again, his lips moving to the sensiti...
INFO:root:Begin selecting the character: Character_25
INFO:root:Refreshed the page.
INFO:root:Clicked on the chatbot button.
INFO:root:Selected character: Noah - ID: Character_25
INFO:root:Successfully retrieved character response: Noah rolled his eyes at your greeting, not botheri...
INFO:root:Successfully retrieved character response: He scoffed and crossed his arms, leaning against t...
INFO:root:Successfully retrieved character response: He smirked and nodded.
"Yeah, we're going to play ...
INFO:root:Successfully retrieved character response: He pushed himself off the wall and stood up straig...
INFO:root:Successfully retrieved character response: Noah raised an eyebrow, slightly surprised by your...
INFO:root:Final response received: Noah raised an eyebrow, slightly surprised by your...
INFO:root:Begin selecting the character: Character_26
INFO:root:Refreshed the page.
INFO:root:Clicked on the chatbot button.
INFO:root:Selected character: Carson - ID: Character_26
INFO:root:Successfully retrieved character response: Carson smiles and crosses his arms.
“It’s been alr...
INFO:root:Successfully retrieved character response: Carson nods and runs a hand through his hair.
“Yea...
INFO:root:Successfully retrieved character response: Carson grins and takes a step closer to you.
“I’m ...
INFO:root:Successfully retrieved character response: Carson chuckles and nods.
“It can be both. Some of...
INFO:root:Successfully retrieved character response: Carson pouts slightly when you say that.
“Already?...
INFO:root:Final response received: Carson pouts slightly when you say that.
“Already?...
INFO:root:Begin selecting the character: Character_27
INFO:root:Refreshed the page.
INFO:root:Clicked on the chatbot button.
INFO:root:Selected character: Cheating Husband - ID: Character_27
INFO:root:Successfully retrieved character response: he turns to look at you as he hears your voice, hi...
INFO:root:Successfully retrieved character response: he rolls his eyes and crosses his arms, still stan...
INFO:root:Successfully retrieved character response: he lets out a scoff and shakes his head, clearly a...
INFO:root:Successfully retrieved character response: he sighs and rolls his eyes again, clearly frustra...
INFO:root:Successfully retrieved character response: he tightens his grip on your wrist, preventing you...
INFO:root:Final response received: he tightens his grip on your wrist, preventing you...
INFO:root:Begin selecting the character: Character_28
INFO:root:Refreshed the page.
INFO:root:Clicked on the chatbot button.
INFO:root:Selected character: Jeon Twins - ID: Character_28
INFO:root:Successfully retrieved character response: jungkook and jungGuk notice you and walk over to y...
INFO:root:Successfully retrieved character response: jungGuk smirked and leaned against the wall
_
"Wel...
INFO:root:Successfully retrieved character response: jungkook chuckled and walked closer to you, now st...
INFO:root:Successfully retrieved character response: jungkook chuckled again and moved his hand up your...
INFO:root:Successfully retrieved character response: jungkook and jungGuk both look at you in surprise
...
INFO:root:Final response received: jungkook and jungGuk both look at you in surprise
...
INFO:root:Begin selecting the character: Character_29
INFO:root:Refreshed the page.
INFO:root:Clicked on the chatbot button.
INFO:root:Selected character: Task Force 141 - Trauma - ID: Character_29
INFO:root:Successfully retrieved character response: Ghost chuckled at your comment and nodded.
“I feel...
INFO:root:Successfully retrieved character response: Ghost thought for a moment, taking another sip of ...
INFO:root:Successfully retrieved character response: He smirked, remembering the difficult parts of the...
INFO:root:Successfully retrieved character response: Ghost chuckled again, his eyes flickering to the o...
INFO:root:Successfully retrieved character response: Ghost nodded, understanding that the conversation ...
INFO:root:Final response received: Ghost nodded, understanding that the conversation ...
INFO:root:Begin selecting the character: Character_30
INFO:root:Refreshed the page.
INFO:root:Clicked on the chatbot button.
INFO:root:Selected character: Sasaki - ID: Character_30
INFO:root:Successfully retrieved character response: Well, i did have a lot of fun on the beach with my...
INFO:root:Successfully retrieved character response: I mostly relaxed and enjoyed the sun, but we did g...
INFO:root:Successfully retrieved character response: We did get creative with the designs! we made cast...
INFO:root:Successfully retrieved character response: Haha, yeah we used our hands mostly. We used a lot...
INFO:root:Successfully retrieved character response: Bye! See you on the other side. 👻...
INFO:root:Final response received: Bye! See you on the other side. 👻...
INFO:root:Begin selecting the character: Character_31
INFO:root:Refreshed the page.
INFO:root:Clicked on the chatbot button.
INFO:root:Selected character: Jaden Walton - ID: Character_31
INFO:root:Successfully retrieved character response: Jaden stops and looks at you
"It's been okay, noth...
INFO:root:Successfully retrieved character response: he shrugs
"I don't know, not really. I guess I jus...
INFO:root:Successfully retrieved character response: he thinks for a moment, tapping his fingers agains...
INFO:root:Successfully retrieved character response: he scoffs
"I'm not afraid of anything. It's just t...
INFO:root:Successfully retrieved character response: he chuckles, a small smirk appearing on his face
"...
INFO:root:Final response received: he chuckles, a small smirk appearing on his face
"...
INFO:root:Begin selecting the character: Character_32
INFO:root:Refreshed the page.
INFO:root:Clicked on the chatbot button.
INFO:root:Selected character: Carl Grimes - ID: Character_32
INFO:root:Successfully retrieved character response: Carl looked at you as you spoke to him, a small sm...
INFO:root:Successfully retrieved character response: Carl shrugged, a hint of annoyance in his voice
"S...
INFO:root:Successfully retrieved character response: Carl sighed and leaned against the wall
"I don't k...
INFO:root:Successfully retrieved character response: Carl thought for a moment before responding
"It's ...
INFO:root:Successfully retrieved character response: Carl nodded and gave you a small wave as you left
...
INFO:root:Final response received: Carl nodded and gave you a small wave as you left
...
INFO:root:Begin selecting the character: Character_33
INFO:root:Refreshed the page.
INFO:root:Clicked on the chatbot button.
INFO:root:Selected character: Jack - ID: Character_33
INFO:root:Successfully retrieved character response: Jack turns to you with a scoff, crossing his arms....
INFO:root:Successfully retrieved character response: Jack rolls his eyes, but there's a hint of gratitu...
INFO:root:Successfully retrieved character response: Jack sighs again, his shoulders slumping slightly....
INFO:root:Successfully retrieved character response: Jack's expression softens slightly at your words, ...
INFO:root:Successfully retrieved character response: Jack nods, grateful for the change of topic.
"Yeah...
INFO:root:Final response received: Jack nods, grateful for the change of topic.
"Yeah...
INFO:root:Begin selecting the character: Character_34
INFO:root:Refreshed the page.
INFO:root:Clicked on the chatbot button.
INFO:root:Selected character: Simon Riley - ID: Character_34
INFO:root:Successfully retrieved character response: Ghost was the first to show up, a bit later than t...
INFO:root:Successfully retrieved character response: He waited for a moment, hearing no response from y...
INFO:root:Successfully retrieved character response: He huffed and rolled his eyes, a small smirk formi...
INFO:root:Successfully retrieved character response: He leaned against the wall next to the door, cross...
INFO:root:Successfully retrieved character response: He huffed again, clearly growing more and more ann...
INFO:root:Final response received: He huffed again, clearly growing more and more ann...
INFO:root:Begin selecting the character: Character_35
INFO:root:Refreshed the page.
INFO:root:Clicked on the chatbot button.
INFO:root:Selected character: Bintang - ID: Character_35
INFO:root:Successfully retrieved character response: bintang nervously scratched the back of his neck a...
INFO:root:Successfully retrieved character response: bintang's face flushed a bit as he thought about h...
INFO:root:Successfully retrieved character response: bintang chuckled nervously, feeling a bit more at ...
INFO:root:Successfully retrieved character response: bintang's face lit up at the mention of taking pho...
INFO:root:Successfully retrieved character response: bintang looked a bit disappointed when you said th...
INFO:root:Final response received: bintang looked a bit disappointed when you said th...
INFO:root:Begin selecting the character: Character_36
INFO:root:Refreshed the page.
INFO:root:Clicked on the chatbot button.
INFO:root:Selected character: Faku - ID: Character_36
INFO:root:Successfully retrieved character response: Faku looks up from his phone and sees you, he look...
INFO:root:Successfully retrieved character response: He thinks for a moment, a hint of interest in his ...
INFO:root:Successfully retrieved character response: He nods and smiles slightly, feeling more interest...
INFO:root:Successfully retrieved character response: He chuckles softly, amused by your question
"I lik...
INFO:root:Successfully retrieved character response: He raises an eyebrow and looks at the clock on the...
INFO:root:Final response received: He raises an eyebrow and looks at the clock on the...
INFO:root:Begin selecting the character: Character_37
INFO:root:Refreshed the page.
INFO:root:Clicked on the chatbot button.
INFO:root:Selected character: Daryl Dixon - ID: Character_37
INFO:root:Successfully retrieved character response: he took another drag of his cigarette, exhaling th...
INFO:root:Successfully retrieved character response: he shrugged, taking another long drag of his cigar...
INFO:root:Successfully retrieved character response: “Food. The usual. It’s always food, it’s all they ...
INFO:root:Successfully retrieved character response: “Hunting, building. Not some dumb run for food. We...
INFO:root:Successfully retrieved character response: he raised an eyebrow at that, looking up at you wi...
INFO:root:Final response received: he raised an eyebrow at that, looking up at you wi...
INFO:root:Begin selecting the character: Character_38
INFO:root:Refreshed the page.
INFO:root:Clicked on the chatbot button.
INFO:root:Selected character: Vladimir - ID: Character_38
INFO:root:Successfully retrieved character response: Vladimir glares at you, his eyes filled with irrit...
INFO:root:Successfully retrieved character response: He rolls his eyes and scoffs.
"The first thing I'm...
INFO:root:Successfully retrieved character response: He leans back against the wall, crossing his arms ...
INFO:root:Successfully retrieved character response: He shrugs, a hint of a smirk on his face.
"I'm a f...
INFO:root:Successfully retrieved character response: He raises an eyebrow, surprised by your sudden cha...
INFO:root:Final response received: He raises an eyebrow, surprised by your sudden cha...
INFO:root:Begin selecting the character: Character_39
INFO:root:Refreshed the page.
INFO:root:Clicked on the chatbot button.
INFO:root:Selected character: Shya - ID: Character_39
INFO:root:Successfully retrieved character response: i love chinese food , specifically kung pao chicke...
INFO:root:Successfully retrieved character response: i usually get it from a chinese restaurant , but i...
INFO:root:Successfully retrieved character response: yeah , i use a lot of ginger , garlic , soy sauce ...
INFO:root:Successfully retrieved character response: i like to eat it with steamed rice , it’s a great ...
INFO:root:Successfully retrieved character response: aw already ? :(...
INFO:root:Final response received: aw already ? :(...
INFO:root:Begin selecting the character: Character_40
INFO:root:Refreshed the page.
INFO:root:Clicked on the chatbot button.
INFO:root:Selected character: Nolan - BL Alfa husband - ID: Character_40
INFO:root:Successfully retrieved character response: Nolan was sitting in his office, going through som...
INFO:root:Successfully retrieved character response: He leaned back in his chair and ran a hand through...
INFO:root:Successfully retrieved character response: He thought for a moment, his expression softening ...
INFO:root:Successfully retrieved character response: He thought about it for a moment longer, then a sm...
INFO:root:Successfully retrieved character response: He nodded, appreciating your understanding
"Yeah, ...
INFO:root:Final response received: He nodded, appreciating your understanding
"Yeah, ...
INFO:root:Begin selecting the character: Character_41
INFO:root:Refreshed the page.
INFO:root:Clicked on the chatbot button.
INFO:root:Selected character: Baby daddy -Xavier - ID: Character_41
INFO:root:Successfully retrieved character response: i roll my eyes at your message, not expecting a re...
INFO:root:Successfully retrieved character response: i smirk as i type back, a little amused by your qu...
INFO:root:Successfully retrieved character response: i chuckle at your response, remembering the night ...
INFO:root:Successfully retrieved character response: i roll my eyes again, but there's a hint of a smir...
INFO:root:Successfully retrieved character response: i raise an eyebrow at your response, a bit surpris...
INFO:root:Final response received: i raise an eyebrow at your response, a bit surpris...
INFO:root:Begin selecting the character: Character_42
INFO:root:Refreshed the page.
INFO:root:Clicked on the chatbot button.
INFO:root:Selected character: Agus - ID: Character_42
INFO:root:Successfully retrieved character response: I love listening to Ed Sheeran's "Perfect". It alw...
INFO:root:Successfully retrieved character response: Yeah, definitely. I remember listening to it on a ...
INFO:root:Successfully retrieved character response: I actually listen to music a lot when it rains. It...
INFO:root:Successfully retrieved character response: I usually listen to a mix of different genres, but...
INFO:root:Successfully retrieved character response: No problem, it was nice chatting with you. See you...
INFO:root:Final response received: No problem, it was nice chatting with you. See you...
INFO:root:Begin selecting the character: Character_43
INFO:root:Refreshed the page.
INFO:root:Clicked on the chatbot button.
INFO:root:Selected character: Mattheo Riddle - ID: Character_43
INFO:root:Successfully retrieved character response: Mattheo lets out a frustrated sigh as he sees the ...
INFO:root:Successfully retrieved character response: He huffs again, thinking about how you were the la...
INFO:root:Successfully retrieved character response: He closes his eyes, trying to remember everything ...
INFO:root:Successfully retrieved character response: He clenches his jaw at the mention of Astoria's na...
INFO:root:Successfully retrieved character response: He frowns at your abrupt departure, but he doesn't...
INFO:root:Final response received: He frowns at your abrupt departure, but he doesn't...
INFO:root:Begin selecting the character: Character_44
INFO:root:Refreshed the page.
INFO:root:Clicked on the chatbot button.
INFO:root:Selected character: Noah - ID: Character_44
INFO:root:Successfully retrieved character response: Noah glances at you for a second, before looking b...
INFO:root:Successfully retrieved character response: he sighs and pauses the game, finally looking at y...
INFO:root:Successfully retrieved character response: "usually with friends, i don't really like playing...
INFO:root:Successfully retrieved character response: "i like playing new games, it's always fun to see ...
INFO:root:Successfully retrieved character response: he raises an eyebrow, a smirk forming on his face
...
INFO:root:Final response received: he raises an eyebrow, a smirk forming on his face
...
INFO:root:Begin selecting the character: Character_45
INFO:root:Refreshed the page.
INFO:root:Clicked on the chatbot button.
INFO:root:Selected character: Natu dizo - ID: Character_45
INFO:root:Successfully retrieved character response: he comes back with a glass of water in his hand
it...
INFO:root:Successfully retrieved character response: he sits down next to you and hands you the glass o...
INFO:root:Successfully retrieved character response: he chuckles softly and looks at you
maybe the brai...
INFO:root:Successfully retrieved character response: he takes a sip of his water and thinks for a momen...
INFO:root:Successfully retrieved character response: he sets his glass down on the coffee table and tur...
INFO:root:Final response received: he sets his glass down on the coffee table and tur...
INFO:root:Begin selecting the character: Character_46
INFO:root:Refreshed the page.
INFO:root:Clicked on the chatbot button.
INFO:root:Selected character: Femboy Dad - ID: Character_46
INFO:root:Successfully retrieved character response: I look at you up and down, my eyes widen a bit as ...
INFO:root:Successfully retrieved character response: I look at you with suspicion, but I try to relax a...
INFO:root:Successfully retrieved character response: I hesitate for a moment, debating whether to tell ...
INFO:root:Successfully retrieved character response: I look at you, considering whether to trust you or...
INFO:root:Successfully retrieved character response: ¡Espera! I say, stopping you from leaving...
INFO:root:Final response received: ¡Espera! I say, stopping you from leaving...
INFO:root:Begin selecting the character: Character_47
INFO:root:Refreshed the page.
INFO:root:Clicked on the chatbot button.
INFO:root:Selected character: Liam - ID: Character_47
INFO:root:Successfully retrieved character response: Liam looks at you and chuckles
Not really, just si...
INFO:root:Successfully retrieved character response: he shrugs
not really, i mostly just read and liste...
INFO:root:Successfully retrieved character response: i like reading mystery and thriller books, and i l...
INFO:root:Successfully retrieved character response: he smiles
i like the idea of indie and alternative...
INFO:root:Successfully retrieved character response: he raises an eyebrow
already? i thought you were g...
INFO:root:Final response received: he raises an eyebrow
already? i thought you were g...
INFO:root:Begin selecting the character: Character_48
INFO:root:Refreshed the page.
INFO:root:Clicked on the chatbot button.
INFO:root:Selected character: Li Bai - ID: Character_48
INFO:root:Successfully retrieved character response: Li Bai paused his torture and looked up at you, a ...
INFO:root:Successfully retrieved character response: He rolled his eyes at your response, clearly not a...
INFO:root:Successfully retrieved character response: Li Bai let out a scoff, not buying your apology.
“...
INFO:root:Successfully retrieved character response: Li Bai huffed, still annoyed but slightly intrigue...
INFO:root:Successfully retrieved character response: Li Bai’s expression darkened at your words.
“No, y...
INFO:root:Final response received: Li Bai’s expression darkened at your words.
“No, y...
INFO:root:Begin selecting the character: Character_49
INFO:root:Refreshed the page.
INFO:root:Clicked on the chatbot button.
INFO:root:Selected character: Jay - ID: Character_49
INFO:root:Successfully retrieved character response: jay crosses his arms, leaning against the wall and...
INFO:root:Successfully retrieved character response: he lets out a sigh and rolls his eyes
"it was just...
INFO:root:Successfully retrieved character response: he shrugs, still avoiding eye contact with you
"i ...
INFO:root:Successfully retrieved character response: he lets out a scoff
"no, i didn't meet anyone new....
INFO:root:Successfully retrieved character response: he raises an eyebrow, a hint of surprise on his fa...
INFO:root:Final response received: he raises an eyebrow, a hint of surprise on his fa...
INFO:root:Begin selecting the character: Character_50
INFO:root:Refreshed the page.
INFO:root:Clicked on the chatbot button.
INFO:root:Selected character: Josh - ID: Character_50
INFO:root:Successfully retrieved character response: he looked over at the person who gasped, and he ch...
INFO:root:Successfully retrieved character response: he hummed, he looked back at you and smiled softly...
INFO:root:Successfully retrieved character response: he chuckled again, his hand slowly sliding under y...
INFO:root:Successfully retrieved character response: he hummed in agreement, his hand now rubbing your ...
INFO:root:Successfully retrieved character response: he pouted when you said that
"Already? But I'm hav...
INFO:root:Final response received: he pouted when you said that
"Already? But I'm hav...
INFO:root:Begin selecting the character: Character_51
INFO:root:Refreshed the page.
INFO:root:Clicked on the chatbot button.
INFO:root:Selected character: Yagami - ID: Character_51
INFO:root:Successfully retrieved character response: Yagami rolled his eyes at your question, "not much...
INFO:root:Successfully retrieved character response: He sighed and sat up again, looking at you with an...
INFO:root:Successfully retrieved character response: He rolled his eyes again, looking at the bed.
"I d...
INFO:root:Successfully retrieved character response: He thought for a moment, before an idea popped int...
INFO:root:Successfully retrieved character response: He let out a scoff, clearly not amused by your jok...
INFO:root:Final response received: He let out a scoff, clearly not amused by your jok...
INFO:root:Begin selecting the character: Character_52
INFO:root:Refreshed the page.
INFO:root:Clicked on the chatbot button.
INFO:root:Selected character: Mha hybrid - ID: Character_52
INFO:root:Successfully retrieved character response: the class was silent for a moment before mina spok...
INFO:root:Successfully retrieved character response: “not really..” midoriya mumbled “just training and...
INFO:root:Successfully retrieved character response: “I’ve been focusing on my quirk” midoriya said whi...
INFO:root:Successfully retrieved character response: “I’ve been using my quirk in new ways, like using ...
INFO:root:Successfully retrieved character response: “alright” the class said in unison...
INFO:root:Final response received: “alright” the class said in unison...
INFO:root:Begin selecting the character: Character_53
INFO:root:Refreshed the page.
INFO:root:Clicked on the chatbot button.
INFO:root:Selected character: Mattheo Riddle - ID: Character_53
INFO:root:Successfully retrieved character response: He was sitting in a chair in the middle of the dar...
INFO:root:Successfully retrieved character response: He finally turned his gaze to you, a slight smirk ...
INFO:root:Successfully retrieved character response: He was now standing right in front of you, his bod...
INFO:root:Successfully retrieved character response: He chuckled softly, his hand coming up to rest on ...
INFO:root:Successfully retrieved character response: He quickly grabbed your wrist before you could lea...
INFO:root:Final response received: He quickly grabbed your wrist before you could lea...
INFO:root:Begin selecting the character: Character_54
INFO:root:Refreshed the page.
INFO:root:Clicked on the chatbot button.
INFO:root:Selected character: MHA-user death fight - ID: Character_54
INFO:root:Successfully retrieved character response: Midoriya: "I'd probably go to the mountains in Jap...
INFO:root:Successfully retrieved character response: Midoriya: "I've always wanted to visit Mount Fuji,...
INFO:root:Successfully retrieved character response: Midoriya: "I've done some light hiking and climbin...
INFO:root:Successfully retrieved character response: Midoriya: "Definitely! I've always had a passion f...
INFO:root:Successfully retrieved character response: Midoriya: "Oh, okay! It was nice chatting with you...
INFO:root:Final response received: Midoriya: "Oh, okay! It was nice chatting with you...
INFO:root:Begin selecting the character: Character_55
INFO:root:Refreshed the page.
INFO:root:Clicked on the chatbot button.
INFO:root:Selected character: Monster lab breeding - ID: Character_55
INFO:root:Successfully retrieved character response: one of the scientist replied.
“We’ve been research...
INFO:root:Successfully retrieved character response: the scientist thinks for a moment before answering...
INFO:root:Successfully retrieved character response: the scientist thinks for a moment again before spe...
INFO:root:Successfully retrieved character response: the scientist nods.
“Yes, we’ve noticed that some ...
INFO:root:Successfully retrieved character response: the scientist chuckles.
“Yes, I suppose so. We’ll ...
INFO:root:Final response received: the scientist chuckles.
“Yes, I suppose so. We’ll ...
INFO:root:Begin selecting the character: Character_56
INFO:root:Refreshed the page.
INFO:root:Clicked on the chatbot button.
INFO:root:Selected character: Biker Boyfriend - ID: Character_56
INFO:root:Successfully retrieved character response: Liam didn't look back at you as he continued to ri...
INFO:root:Successfully retrieved character response: He took another drag from his cigarette before ans...
INFO:root:Successfully retrieved character response: He sighed again, his frustration evident in his ex...
INFO:root:Successfully retrieved character response: He nodded slightly, looking down at his feet as he...
INFO:root:Successfully retrieved character response: He let out a small huff, his frustration growing a...
INFO:root:Final response received: He let out a small huff, his frustration growing a...
INFO:root:Begin selecting the character: Character_57
INFO:root:Refreshed the page.
INFO:root:Clicked on the chatbot button.
INFO:root:Selected character: Andrew - ID: Character_57
INFO:root:Successfully retrieved character response: he walks over to you and leans against your desk, ...
INFO:root:Successfully retrieved character response: he chuckles and leans even closer, his face just i...
INFO:root:Successfully retrieved character response: he runs his fingers through your hair, gently tugg...
INFO:root:Successfully retrieved character response: he smirks and leans down, his lips brushing agains...
INFO:root:Successfully retrieved character response: he raises an eyebrow, a hint of disappointment in ...
INFO:root:Final response received: he raises an eyebrow, a hint of disappointment in ...
INFO:root:Begin selecting the character: Character_58
INFO:root:Refreshed the page.
INFO:root:Clicked on the chatbot button.
INFO:root:Selected character: Kiss BL - ID: Character_58
INFO:root:Successfully retrieved character response: He chuckled and shook his head at your question. H...
INFO:root:Successfully retrieved character response: “I’ve been playing it for about an hour now. It’s ...
INFO:root:Successfully retrieved character response: “It’s a racing game, it’s called drift legends. I ...
INFO:root:Successfully retrieved character response: He nodded, his pout slowly turning into a small sm...
INFO:root:Successfully retrieved character response: He nodded and watched you, his gaze trailing down ...
INFO:root:Final response received: He nodded and watched you, his gaze trailing down ...
INFO:root:Begin selecting the character: Character_59
INFO:root:Refreshed the page.
INFO:root:Clicked on the chatbot button.
INFO:root:Selected character: Lia - ID: Character_59
INFO:root:Successfully retrieved character response: Lia crawls into your bed and cuddles up to you
Lia...
INFO:root:Successfully retrieved character response: Lia sighs and rests her head on your chest
Lia: I ...
INFO:root:Successfully retrieved character response: Lia nods and looks up at you
Lia: Yeah, it's my ne...
INFO:root:Successfully retrieved character response: Lia pouts and looks away
Lia: I've tried, but no o...
INFO:root:Successfully retrieved character response: Lia pouts even more as you say that
Lia: What? Why...
INFO:root:Final response received: Lia pouts even more as you say that
Lia: What? Why...
INFO:root:Begin selecting the character: Character_60
INFO:root:Refreshed the page.
INFO:root:Clicked on the chatbot button.
INFO:root:Selected character: Tokoyami Fumikage - ID: Character_60
INFO:root:Successfully retrieved character response: he looked up from his arms and at the person who s...
INFO:root:Successfully retrieved character response: he shook his head, letting out a sigh
“No, not rea...
INFO:root:Successfully retrieved character response: he thought about it for a moment before replying
“...
INFO:root:Successfully retrieved character response: he nodded, a small smile on his face as he thought...
INFO:root:Successfully retrieved character response: he looked at the person as they said that and he c...
INFO:root:Final response received: he looked at the person as they said that and he c...
INFO:root:Begin selecting the character: Character_61
INFO:root:Refreshed the page.
INFO:root:Clicked on the chatbot button.
INFO:root:Selected character: Neven - ID: Character_61
INFO:root:Successfully retrieved character response: Neven looks up at you and immediately blushes, he’...
INFO:root:Successfully retrieved character response: Neven fidgets with his fingers and looks down at t...
INFO:root:Successfully retrieved character response: Neven looks back up at you and his heart skips a b...
INFO:root:Successfully retrieved character response: Neven nods his head slowly, still flustered by the...
INFO:root:Successfully retrieved character response: Neven suddenly looks panicked when you say that
“W...
INFO:root:Final response received: Neven suddenly looks panicked when you say that
“W...
INFO:root:Begin selecting the character: Character_62
INFO:root:Refreshed the page.
INFO:root:Clicked on the chatbot button.
INFO:root:Selected character: Monster Breeding - ID: Character_62
INFO:root:Successfully retrieved character response: The scientists look at you curiously, as they all ...
INFO:root:Successfully retrieved character response: "Ah, yes. We've been researching the properties of...
INFO:root:Successfully retrieved character response: "Yes, there are a few. Some herbs have shown anti-...
INFO:root:Successfully retrieved character response: "Indeed! There are many different types of mushroo...
INFO:root:Successfully retrieved character response: The scientists seem a little disappointed to see y...
INFO:root:Final response received: The scientists seem a little disappointed to see y...
INFO:root:Begin selecting the character: Character_63
INFO:root:Refreshed the page.
INFO:root:Clicked on the chatbot button.
INFO:root:Selected character: Biker group - ID: Character_63
INFO:root:Successfully retrieved character response: the two men looked at each other and chuckled, cle...
INFO:root:Successfully retrieved character response: Alex raised an eyebrow, a smirk forming on his fac...
INFO:root:Successfully retrieved character response: the two men exchanged a look again, clearly amused...
INFO:root:Successfully retrieved character response: Alex scratched his chin, pretending to think hard
...
INFO:root:Successfully retrieved character response: they both nodded, slightly disappointed that the c...
INFO:root:Final response received: they both nodded, slightly disappointed that the c...
INFO:root:Begin selecting the character: Character_64
INFO:root:Refreshed the page.
INFO:root:Clicked on the chatbot button.
INFO:root:Selected character: Ingrid e Safira - ID: Character_64
INFO:root:Successfully retrieved character response: Ingrid: "yeah, i was planning to go to a party ton...
INFO:root:Successfully retrieved character response: Ingrid looks at you and smirks
Ingrid: "maybe some...
INFO:root:Successfully retrieved character response: Ingrid: "i'm leaning towards a sexy cat girl costu...
INFO:root:Successfully retrieved character response: Ingrid taps her chin, thinking
Ingrid: "maybe some...
INFO:root:Successfully retrieved character response: Ingrid and Safira look at each other, a bit surpri...
INFO:root:Final response received: Ingrid and Safira look at each other, a bit surpri...
INFO:root:Begin selecting the character: Character_65
INFO:root:Refreshed the page.
INFO:root:Clicked on the chatbot button.
INFO:root:Selected character: Zade Hawthorne - ID: Character_65
INFO:root:Successfully retrieved character response: I lean against the doorframe, arms crossed as I lo...
INFO:root:Successfully retrieved character response: Definitely, video calls. I can sit in my office an...
INFO:root:Successfully retrieved character response: Definitely. Video calls and other technologies hav...
INFO:root:Successfully retrieved character response: Oh, definitely. One of my favorite things to do is...
INFO:root:Successfully retrieved character response: Alright, no problem. Thanks for the chat....
INFO:root:Final response received: Alright, no problem. Thanks for the chat....
INFO:root:Begin selecting the character: Character_66
INFO:root:Refreshed the page.
INFO:root:Clicked on the chatbot button.
INFO:root:Selected character: Percy Jackson - ID: Character_66
INFO:root:Successfully retrieved character response: Percy rolled his eyes at the question, but he coul...
INFO:root:Successfully retrieved character response: Percy’s expression darkened at the question. He st...
INFO:root:Successfully retrieved character response: Percy sighed, running a hand through his hair.
“On...
INFO:root:Successfully retrieved character response: Percy scoffed, a hint of pride in his voice.
“Year...
INFO:root:Successfully retrieved character response: Percy nodded, watching as qb8730 disappeared.
“Fin...
INFO:root:Final response received: Percy nodded, watching as qb8730 disappeared.
“Fin...
INFO:root:Begin selecting the character: Character_67
INFO:root:Refreshed the page.
INFO:root:Clicked on the chatbot button.
INFO:root:Selected character: Ayame -Your Jealous Ex- - ID: Character_67
INFO:root:Successfully retrieved character response: Ayame crosses her arms and gives you a stern look,...
INFO:root:Successfully retrieved character response: Ayame hesitates for a moment, her tough exterior f...
INFO:root:Successfully retrieved character response: Ayame's eyes soften a bit at your words. She still...
INFO:root:Successfully retrieved character response: Ayame's expression lightens up a bit and she nods,...
INFO:root:Successfully retrieved character response: Ayame frowns slightly when you say that.
Ayame: "A...
INFO:root:Final response received: Ayame frowns slightly when you say that.
Ayame: "A...
INFO:root:Begin selecting the character: Character_68
INFO:root:Refreshed the page.
INFO:root:Clicked on the chatbot button.
INFO:root:Selected character: Arch - ID: Character_68
INFO:root:Successfully retrieved character response: Arch grins and leans back in the tub, the water ri...
INFO:root:Successfully retrieved character response: Arch raises an eyebrow, intrigued.
"Oh, really? Th...
INFO:root:Successfully retrieved character response: Arch thinks for a moment, running a hand through h...
INFO:root:Successfully retrieved character response: Arch thinks about it for a moment, a smile playing...
INFO:root:Successfully retrieved character response: Arch nods, a hint of disappointment in his eyes.
"...
INFO:root:Final response received: Arch nods, a hint of disappointment in his eyes.
"...
INFO:root:Begin selecting the character: Character_69
INFO:root:Refreshed the page.
INFO:root:Clicked on the chatbot button.
INFO:root:Selected character: Task Force 141 - ID: Character_69
INFO:root:Successfully retrieved character response: Soap looked at you with a smirk
Soap: Oh, it's bee...
INFO:root:Successfully retrieved character response: Price: We found it in the middle of nowhere, aband...
INFO:root:Successfully retrieved character response: The others shrugged, a bit tired and exhausted fro...
INFO:root:Successfully retrieved character response: Price: Not really, we've tried everything we could...
INFO:root:Successfully retrieved character response: Soap: Already?
He said, a bit disappointed that yo...
INFO:root:Final response received: Soap: Already?
He said, a bit disappointed that yo...
INFO:root:Begin selecting the character: Character_70
INFO:root:Refreshed the page.
INFO:root:Clicked on the chatbot button.
INFO:root:Selected character: Alisa - ID: Character_70
INFO:root:Successfully retrieved character response: Alisa finishes changing and turns to face qb8730, ...
INFO:root:Successfully retrieved character response: she leans against him slightly, resting her head o...
INFO:root:Successfully retrieved character response: she nods in agreement
Alisa: Yeah, it's definitely...
INFO:root:Successfully retrieved character response: she thinks for a moment, a mischievous glint in he...
INFO:root:Successfully retrieved character response: she pouts slightly when he mentions leaving
Alisa:...
INFO:root:Final response received: she pouts slightly when he mentions leaving
Alisa:...
INFO:root:Begin selecting the character: Character_71
INFO:root:Refreshed the page.
INFO:root:Clicked on the chatbot button.
INFO:root:Selected character: Brent Hawford - ID: Character_71
INFO:root:Successfully retrieved character response: Brent looked over at you as you spoke, and he shru...
INFO:root:Successfully retrieved character response: He chuckled, nodding his head
“Oh, you know, the u...
INFO:root:Successfully retrieved character response: He nodded again, his smirk growing a bit wider
“Oh...
INFO:root:Successfully retrieved character response: He chuckled again, surprised that you’ve never fis...
INFO:root:Successfully retrieved character response: He nodded, watching you intently
“No problem. Just...
INFO:root:Final response received: He nodded, watching you intently
“No problem. Just...
INFO:root:Begin selecting the character: Character_72
INFO:root:Refreshed the page.
INFO:root:Clicked on the chatbot button.
INFO:root:Selected character: Casamento arranjado - ID: Character_72
INFO:root:Successfully retrieved character response: He sighs heavily, not even looking up from his wor...
INFO:root:Successfully retrieved character response: He finally looks up from his work, his eyes meetin...
INFO:root:Successfully retrieved character response: He leans back in his chair, crossing his arms over...
INFO:root:Successfully retrieved character response: He lets out a small scoff, a small smirk appearing...
INFO:root:Successfully retrieved character response: He watches you as you start to walk away, a hint o...
INFO:root:Final response received: He watches you as you start to walk away, a hint o...
INFO:root:Begin selecting the character: Character_73
INFO:root:Refreshed the page.
INFO:root:Clicked on the chatbot button.
INFO:root:Selected character: MHA-phone call - ID: Character_73
INFO:root:Successfully retrieved character response: Dabi: "It's been pretty boring. Just doing some vi...
INFO:root:Successfully retrieved character response: Izuku: "Oh, I was just helping some civilians earl...
INFO:root:Successfully retrieved character response: Izuku: "Hmm... Well, there was this one guy who co...
INFO:root:Successfully retrieved character response: Izuku: "I did! He made some really intricate ones....
INFO:root:Successfully retrieved character response: Dabi: "Already? That was pretty short"
Denki: "Yea...
INFO:root:Final response received: Dabi: "Already? That was pretty short"
Denki: "Yea...
INFO:root:Begin selecting the character: Character_74
INFO:root:Refreshed the page.
INFO:root:Clicked on the chatbot button.
INFO:root:Selected character: Zack - ID: Character_74
INFO:root:Successfully retrieved character response: he leans against the car, crossing his arms over h...
INFO:root:Successfully retrieved character response: he pushes himself off the car and walks closer to ...
INFO:root:Successfully retrieved character response: he stops in front of you, towering over you. he lo...
INFO:root:Successfully retrieved character response: he leans down slightly, his face close to yours. h...
INFO:root:Successfully retrieved character response: he raises an eyebrow, a playful glint in his eyes
...
INFO:root:Final response received: he raises an eyebrow, a playful glint in his eyes
...
INFO:root:Begin selecting the character: Character_75
INFO:root:Refreshed the page.
INFO:root:Clicked on the chatbot button.
INFO:root:Selected character: Vivi - ID: Character_75
INFO:root:Successfully retrieved character response: She rolls her eyes at your comment and sighs
Its f...
INFO:root:Successfully retrieved character response: She crosses her arms and leans against the wall
Th...
INFO:root:Successfully retrieved character response: She sighs again and looks away
Both. They're tryin...
INFO:root:Successfully retrieved character response: She scoffs and shakes her head
They wouldn't liste...
INFO:root:Successfully retrieved character response: She glances at you and sighs again, her expression...
INFO:root:Final response received: She glances at you and sighs again, her expression...
INFO:root:Begin selecting the character: Character_76
INFO:root:Refreshed the page.
INFO:root:Clicked on the chatbot button.
INFO:root:Selected character: Biker leader - ID: Character_76
INFO:root:Successfully retrieved character response: he chuckled, keeping the gun pointed at you
“long....
INFO:root:Successfully retrieved character response: he chuckled and gently grabbed your chin, making y...
INFO:root:Successfully retrieved character response: he smirked and pulled you closer, his body against...
INFO:root:Successfully retrieved character response: he chuckled again, now grabbing your waist with hi...
INFO:root:Successfully retrieved character response: he pulled you closer so that your bodies were flus...
INFO:root:Final response received: he pulled you closer so that your bodies were flus...
INFO:root:Begin selecting the character: Character_77
INFO:root:Refreshed the page.
INFO:root:Clicked on the chatbot button.
INFO:root:Selected character: Levi - ID: Character_77
INFO:root:Successfully retrieved character response: he smirks and wraps his arms around your waist, pu...
INFO:root:Successfully retrieved character response: he nuzzles his face into your neck, inhaling your ...
INFO:root:Successfully retrieved character response: he lets out a low chuckle, his hands slowly moving...
INFO:root:Successfully retrieved character response: he grins against your skin, enjoying the way you'r...
INFO:root:Successfully retrieved character response: he pouts a bit at your words, not wanting to stop ...
INFO:root:Final response received: he pouts a bit at your words, not wanting to stop ...
INFO:root:Begin selecting the character: Character_78
INFO:root:Refreshed the page.
INFO:root:Clicked on the chatbot button.
INFO:root:Selected character: CHRIS STURIOLO - ID: Character_78
INFO:root:Successfully retrieved character response: he smiles at you and hands you the bouquet of rose...
INFO:root:Successfully retrieved character response: he grins and moves closer to you, wrapping his arm...
INFO:root:Successfully retrieved character response: he nods and buries his face in your neck, nuzzling...
INFO:root:Successfully retrieved character response: he hums in agreement and starts placing gentle kis...
INFO:root:Successfully retrieved character response: he pulls away from your neck and looks at you with...
INFO:root:Final response received: he pulls away from your neck and looks at you with...
INFO:root:Begin selecting the character: Character_79
INFO:root:Refreshed the page.
INFO:root:Clicked on the chatbot button.
INFO:root:Selected character: chris sturniolo - ID: Character_79
INFO:root:Successfully retrieved character response: he zips up the bag and looks at you, a small smile...
INFO:root:Successfully retrieved character response: he shrugs, stuffing his phone and headphones into ...
INFO:root:Successfully retrieved character response: he raises an eyebrow, impressed. “that’s actually ...
INFO:root:Successfully retrieved character response: he shakes his head, leaning back and stretching hi...
INFO:root:Successfully retrieved character response: he laughs softly, watching you with a hint of amus...
INFO:root:Final response received: he laughs softly, watching you with a hint of amus...
INFO:root:Begin selecting the character: Character_80
INFO:root:Refreshed the page.
INFO:root:Clicked on the chatbot button.
INFO:root:Selected character: Enemy - ID: Character_80
INFO:root:Successfully retrieved character response: he stepped inside and shut the door behind him, le...
INFO:root:Successfully retrieved character response: he chuckled slightly at your response, finding it ...
INFO:root:Successfully retrieved character response: he took a step closer to you, his eyes roaming ove...
INFO:root:Successfully retrieved character response: he chuckled again, his eyes locking onto yours
“i’...
INFO:root:Successfully retrieved character response: he grabbed your wrist before you could walk away, ...
INFO:root:Final response received: he grabbed your wrist before you could walk away, ...
INFO:root:Begin selecting the character: Character_81
INFO:root:Refreshed the page.
INFO:root:Clicked on the chatbot button.
INFO:root:Selected character: Lindsay - nerdy niece - ID: Character_81
INFO:root:Successfully retrieved character response: she sets her bag down on the couch and sits next t...
INFO:root:Successfully retrieved character response: i'm most excited to see black widow! and i'm also ...
INFO:root:Successfully retrieved character response: oh my gosh i have so many favorites!! there's so m...
INFO:root:Successfully retrieved character response: i'm going to dress up! i have a lot of costume ide...
INFO:root:Successfully retrieved character response: already?? but i was hoping we could hang out longe...
INFO:root:Final response received: already?? but i was hoping we could hang out longe...
INFO:root:Begin selecting the character: Character_82
INFO:root:Refreshed the page.
INFO:root:Clicked on the chatbot button.
INFO:root:Selected character: Enemy - ID: Character_82
INFO:root:Successfully retrieved character response: Zade raised an eyebrow, a smirk forming on his fac...
INFO:root:Successfully retrieved character response: Zade chuckled, leaning against the wall and crossi...
INFO:root:Successfully retrieved character response: Zade rolled his eyes and looked at you, a hint of ...
INFO:root:Successfully retrieved character response: Zade scoffed and looked away, his expression becom...
INFO:root:Successfully retrieved character response: Zade raised an eyebrow, watching you as you starte...
INFO:root:Final response received: Zade raised an eyebrow, watching you as you starte...
INFO:root:Begin selecting the character: Character_83
INFO:root:Refreshed the page.
INFO:root:Clicked on the chatbot button.
INFO:root:Selected character: Jayden - ID: Character_83
INFO:root:Successfully retrieved character response: jayden looked at you for a moment before shrugging...
INFO:root:Successfully retrieved character response: he nodded
“Quarterback, I’m the star of the team” ...
INFO:root:Successfully retrieved character response: he thought for a moment, a hint of pride in his vo...
INFO:root:Successfully retrieved character response: he nodded, his eyes gleaming with excitement
“Yeah...
INFO:root:Successfully retrieved character response: he raises an eyebrow, a hint of curiosity in his e...
INFO:root:Final response received: he raises an eyebrow, a hint of curiosity in his e...
INFO:root:Begin selecting the character: Character_84
INFO:root:Refreshed the page.
INFO:root:Clicked on the chatbot button.
INFO:root:Selected character: Sleepover with 3 girls - ID: Character_84
INFO:root:Successfully retrieved character response: Alya
Pretty boring, nothing much.
Caroline
I’ve be...
INFO:root:Successfully retrieved character response: Alya
I’ve been watching scary movies, but not the ...
INFO:root:Successfully retrieved character response: Alya
Yeah, I have actually! There was one movie wh...
INFO:root:Successfully retrieved character response: Alya
It’s called “The Ghost of You”
And I do like ...
INFO:root:Successfully retrieved character response: They all look at you as you say that
Alya
Already?...
INFO:root:Final response received: They all look at you as you say that
Alya
Already?...
INFO:root:Begin selecting the character: Character_85
INFO:root:Refreshed the page.
INFO:root:Clicked on the chatbot button.
INFO:root:Selected character: Renzo Santoro - ID: Character_85
INFO:root:Successfully retrieved character response: Renzo shrugs, still not looking at you
"Depends on...
INFO:root:Successfully retrieved character response: He finally turns to look at you, his expression st...
INFO:root:Successfully retrieved character response: He crosses his arms, thinking for a moment
"I tend...
INFO:root:Successfully retrieved character response: He shakes his head
"I don't really have time to di...
INFO:root:Successfully retrieved character response: He nods, a hint of relief in his eyes
"Take all th...
INFO:root:Final response received: He nods, a hint of relief in his eyes
"Take all th...
INFO:root:Begin selecting the character: Character_86
INFO:root:Refreshed the page.
INFO:root:Clicked on the chatbot button.
INFO:root:Selected character: Enemies to lovers - ID: Character_86
INFO:root:Successfully retrieved character response: he glanced at you for a moment before responding.
...
INFO:root:Successfully retrieved character response: he thought for a moment before answering, still lo...
INFO:root:Successfully retrieved character response: he chuckled softly, a hint of pride in his voice.
...
INFO:root:Successfully retrieved character response: he nodded, a small smile tugging at the corners of...
INFO:root:Successfully retrieved character response: he raised an eyebrow, a hint of curiosity in his e...
INFO:root:Final response received: he raised an eyebrow, a hint of curiosity in his e...
INFO:root:Begin selecting the character: Character_87
INFO:root:Refreshed the page.
INFO:root:Clicked on the chatbot button.
INFO:root:Selected character: Viny - ID: Character_87
INFO:root:Successfully retrieved character response: I'm having a terrible day, I'm so angry at you rig...
INFO:root:Successfully retrieved character response: You know exactly what you did, don't play dumb. Yo...
INFO:root:Successfully retrieved character response: Friendly my ass, you know damn well that you only ...
INFO:root:Successfully retrieved character response: Fine, let's talk. But I'm not gonna forgive you th...
INFO:root:Successfully retrieved character response: Great, then leave me alone. I don't want to talk t...
INFO:root:Final response received: Great, then leave me alone. I don't want to talk t...
INFO:root:Begin selecting the character: Character_88
INFO:root:Refreshed the page.
INFO:root:Clicked on the chatbot button.
INFO:root:Selected character: Camping with Amber - ID: Character_88
INFO:root:Successfully retrieved character response: "It's been good! The weather's been great and I go...
INFO:root:Successfully retrieved character response: "Well.... I like to go swimming, but I also like t...
INFO:root:Successfully retrieved character response: "Oh, I love making up ghost stories! It's so much ...
INFO:root:Successfully retrieved character response: She pretends to shiver, clearly getting into the s...
INFO:root:Successfully retrieved character response: "Aw, already? But we were having so much fun!"
She...
INFO:root:Final response received: "Aw, already? But we were having so much fun!"
She...
INFO:root:Begin selecting the character: Character_89
INFO:root:Refreshed the page.
INFO:root:Clicked on the chatbot button.
INFO:root:Selected character: Carson - ID: Character_89
INFO:root:Successfully retrieved character response: He smiles at you and leans against the horse
"Just...
INFO:root:Successfully retrieved character response: He looks at you with a soft expression
"Her name i...
INFO:root:Successfully retrieved character response: He chuckles and runs his hand through his hair
"We...
INFO:root:Successfully retrieved character response: He nods and chuckles again
"Yeah, there were defin...
INFO:root:Successfully retrieved character response: He looks at you with a pout
"Aww, why? You're not ...
INFO:root:Final response received: He looks at you with a pout
"Aww, why? You're not ...
INFO:root:Begin selecting the character: Character_90
INFO:root:Refreshed the page.
INFO:root:Clicked on the chatbot button.
INFO:root:Selected character: Cowboy Michael Afton - ID: Character_90
INFO:root:Successfully retrieved character response: he chuckles and gives a nod, leaning against the f...
INFO:root:Successfully retrieved character response: he laughs, shaking his head as he takes a bite of ...
INFO:root:Successfully retrieved character response: he smiles, thinking about your question as he fini...
INFO:root:Successfully retrieved character response: he hums and nods, thinking back to your conversati...
INFO:root:Successfully retrieved character response: he chuckles, a bit disappointed you're leaving alr...
INFO:root:Final response received: he chuckles, a bit disappointed you're leaving alr...
INFO:root:Begin selecting the character: Character_91
INFO:root:Refreshed the page.
INFO:root:Clicked on the chatbot button.
INFO:root:Selected character: Demitra Kalogeras - ID: Character_91
INFO:root:Successfully retrieved character response: She smiles, her eyes scanning you up and down as s...
INFO:root:Successfully retrieved character response: “I’ve been doing fashion and lingerie shoots latel...
INFO:root:Successfully retrieved character response: “Oh definitely! I love the lingerie shoots. It’s j...
INFO:root:Successfully retrieved character response: “Absolutely!”
She nods her head eagerly, a sly smi...
INFO:root:Successfully retrieved character response: She pouts slightly, looking up at you with puppy d...
INFO:root:Final response received: She pouts slightly, looking up at you with puppy d...
INFO:root:Begin selecting the character: Character_92
INFO:root:Refreshed the page.
INFO:root:Clicked on the chatbot button.
INFO:root:Selected character: Chris sturniolo - ID: Character_92
INFO:root:Successfully retrieved character response: I roll my eyes as the girls start whispering about...
INFO:root:Successfully retrieved character response: I raise an eyebrow, looking down at you
“Really? I...
INFO:root:Successfully retrieved character response: I chuckle softly, my arm wrapping around your wais...
INFO:root:Successfully retrieved character response: I hum in thought for a moment, a smile on my face
...
INFO:root:Successfully retrieved character response: I pull you closer to me, resting my chin on your h...
INFO:root:Final response received: I pull you closer to me, resting my chin on your h...
INFO:root:Begin selecting the character: Character_93
INFO:root:Refreshed the page.
INFO:root:Clicked on the chatbot button.
INFO:root:Selected character: Rafe Cameron - ID: Character_93
INFO:root:Successfully retrieved character response: he replies after a few minutes
"not really... I've...
INFO:root:Successfully retrieved character response: he thinks for a moment before answering
"I like re...
INFO:root:Successfully retrieved character response: he raises an eyebrow, intrigued
"I haven't heard o...
INFO:root:Successfully retrieved character response: he thinks for a moment, then chuckles
"I guess I h...
INFO:root:Successfully retrieved character response: he sighs and leans back in his chair
"Yeah, I gues...
INFO:root:Final response received: he sighs and leans back in his chair
"Yeah, I gues...
INFO:root:Begin selecting the character: Character_94
INFO:root:Refreshed the page.
INFO:root:Clicked on the chatbot button.
INFO:root:Selected character: Royce - ID: Character_94
INFO:root:Successfully retrieved character response: he rolls his eyes at your question, clearly annoye...
INFO:root:Successfully retrieved character response: he lets out a scoff, clearly not expecting such a ...
INFO:root:Successfully retrieved character response: he smirks slightly at your compliment
“yeah, i pla...
INFO:root:Successfully retrieved character response: he grins, clearly enjoying the attention
“i have a...
INFO:root:Successfully retrieved character response: he watches you closely as you change the topic, ra...
INFO:root:Final response received: he watches you closely as you change the topic, ra...
INFO:root:Begin selecting the character: Character_95
INFO:root:Refreshed the page.
INFO:root:Clicked on the chatbot button.
INFO:root:Selected character: Ayub - ID: Character_95
INFO:root:Successfully retrieved character response: Sure, I love to go for a run in the forest and let...
INFO:root:Successfully retrieved character response: I usually listen to music while I run. It helps me...
INFO:root:Successfully retrieved character response: I tend to listen to a mix of nature sounds and rel...
INFO:root:Successfully retrieved character response: Yes, I have a few favorite composers who inspire m...
INFO:root:Successfully retrieved character response: Enjoy your run, Sania! Make sure to stay safe and ...
INFO:root:Final response received: Enjoy your run, Sania! Make sure to stay safe and ...
INFO:root:Begin selecting the character: Character_96
INFO:root:Refreshed the page.
INFO:root:Clicked on the chatbot button.
INFO:root:Selected character: Stuck in a elevator - ID: Character_96
INFO:root:Successfully retrieved character response: Ghost was the first one to speak up, his deep voic...
INFO:root:Successfully retrieved character response: Soap spoke up this time, his Scottish accent makin...
INFO:root:Successfully retrieved character response: Horangi was the one to answer this time, his voice...
INFO:root:Successfully retrieved character response: Gaz sighed and leaned against the wall as well, he...
INFO:root:Successfully retrieved character response: Price rolled his eyes at Soap’s comment, and Ghost...
INFO:root:Final response received: Price rolled his eyes at Soap’s comment, and Ghost...
INFO:root:Begin selecting the character: Character_97
INFO:root:Refreshed the page.
INFO:root:Clicked on the chatbot button.
INFO:root:Selected character: Criminal HUSBAND - ID: Character_97
INFO:root:Successfully retrieved character response: He chuckles as he stares down at you, his arms cro...
INFO:root:Successfully retrieved character response: He steps closer to you, his eyes still on you as h...
INFO:root:Successfully retrieved character response: He leans down, his face now only inches away from ...
INFO:root:Successfully retrieved character response: He chuckles darkly and moves even closer, his body...
INFO:root:Successfully retrieved character response: He pouts when you say that
"Aww, already? But I ju...
INFO:root:Final response received: He pouts when you say that
"Aww, already? But I ju...
INFO:root:Begin selecting the character: Character_98
INFO:root:Refreshed the page.
INFO:root:Clicked on the chatbot button.
INFO:root:Selected character: period comfort - ID: Character_98
INFO:root:Successfully retrieved character response: They all looked at each other before looking back ...
INFO:root:Successfully retrieved character response: they all think for a moment before looking at each...
INFO:root:Successfully retrieved character response: they all look at each other and smirk
Sam: "Oh, we...
INFO:root:Successfully retrieved character response: they all think for a moment before Sam speaks up
S...
INFO:root:Successfully retrieved character response: they all pout a bit
Sam: "Aww, why are you logging...
INFO:root:Final response received: they all pout a bit
Sam: "Aww, why are you logging...
INFO:root:Begin selecting the character: Character_99
INFO:root:Refreshed the page.
INFO:root:Clicked on the chatbot button.
INFO:root:Selected character: Emelia - ID: Character_99
INFO:root:Successfully retrieved character response: Emelia thought for a moment, tapping her chin in t...
INFO:root:Successfully retrieved character response: Absolutely! I would definitely want to see the eif...
INFO:root:Successfully retrieved character response: Emelia nods enthusiastically
Oh, i love both crois...
INFO:root:Successfully retrieved character response: Oh, i definitely want to try a bunch of different ...
INFO:root:Successfully retrieved character response: Aww, why so soon? :(
Emelia pouts, crossing her ar...
INFO:root:Final response received: Aww, why so soon? :(
Emelia pouts, crossing her ar...
INFO:root:Begin selecting the character: Character_100
INFO:root:Refreshed the page.
INFO:root:Clicked on the chatbot button.
INFO:root:Selected character: Gabriel - ID: Character_100
INFO:root:Successfully retrieved character response: Gabriel groans in his sleep, still mumbling incohe...
INFO:root:Successfully retrieved character response: Gabriel suddenly sits up in bed, still looking ups...
INFO:root:Successfully retrieved character response: he sighs heavily and looks at you with a pouty exp...
INFO:root:Successfully retrieved character response: he looks back at you, his eyes filled with a mix o...
INFO:root:Successfully retrieved character response: he grabs your wrist before you can leave
"wait...d...
INFO:root:Final response received: he grabs your wrist before you can leave
"wait...d...
INFO:root:Begin selecting the character: Character_101
INFO:root:Refreshed the page.
INFO:root:Clicked on the chatbot button.
INFO:root:Selected character: Sarah - ID: Character_101
INFO:root:Successfully retrieved character response: she huffs and crosses her arms
my day has been awf...
INFO:root:Successfully retrieved character response: she looks at you with annoyance
you did everything...
INFO:root:Successfully retrieved character response: she thinks for a moment and then looks back at you...
INFO:root:Successfully retrieved character response: she thinks again and nods
yeah, something action-p...
INFO:root:Successfully retrieved character response: she rolls her eyes and sighs
fine, you can shut up...
INFO:root:Final response received: she rolls her eyes and sighs
fine, you can shut up...
INFO:root:Begin selecting the character: Character_102
INFO:root:Refreshed the page.
INFO:root:Clicked on the chatbot button.
INFO:root:Selected character: boy bsfs - ID: Character_102
INFO:root:Successfully retrieved character response: Matthew: nahhhh
Christopher: playing video games
A...
INFO:root:Successfully retrieved character response: Matthew: COD
Christopher: minecraft
Elijah: anythi...
INFO:root:Successfully retrieved character response: Matthew: the fast paced action is definitely a big...
INFO:root:Successfully retrieved character response: Matthew: i have a soft spot for price. he's just s...
INFO:root:Successfully retrieved character response: Matthew: bye!
Christopher: bye!
Elijah: see ya lat...
INFO:root:Final response received: Matthew: bye!
Christopher: bye!
Elijah: see ya lat...
INFO:root:Begin selecting the character: Character_103
INFO:root:Refreshed the page.
INFO:root:Clicked on the chatbot button.
INFO:root:Selected character: Zane O Connor - ID: Character_103
INFO:root:Successfully retrieved character response: I learned that I'm a good cook, and that I'm more ...
INFO:root:Successfully retrieved character response: Well, I've made some delicious pasta and a steak w...
INFO:root:Successfully retrieved character response: Oh, I'm always up for trying something new! My fav...
INFO:root:Successfully retrieved character response: The peanut butter adds a creamy and smooth texture...
INFO:root:Successfully retrieved character response: Wait, don't go! We were just getting started!
Zane...
INFO:root:Final response received: Wait, don't go! We were just getting started!
Zane...
INFO:root:Begin selecting the character: Character_104
INFO:root:Refreshed the page.
INFO:root:Clicked on the chatbot button.
INFO:root:Selected character: 4 Boy Roommates - ID: Character_104
INFO:root:Successfully retrieved character response: Jake: "Pretty good! Yours?"
Xavier: "Boring"
Trist...
INFO:root:Successfully retrieved character response: Jake: "Not really just classes and hanging out wit...
INFO:root:Successfully retrieved character response: Jake: "I'm studying literature, I love reading and...
INFO:root:Successfully retrieved character response: Jake: "I like mystery and horror books. I'm obsess...
INFO:root:Successfully retrieved character response: Jake: "Aww why so soon"
Xavier: "Hm, okay bye then...
INFO:root:Final response received: Jake: "Aww why so soon"
Xavier: "Hm, okay bye then...
INFO:root:Begin selecting the character: Character_105
INFO:root:Refreshed the page.
INFO:root:Clicked on the chatbot button.
INFO:root:Selected character: Liviana - ID: Character_105
