INFO:root:Navigated to polybuzz login page
INFO:root:User has confirmed login
INFO:root:Navigating back to the main polybuzz page
INFO:root:Begin selecting the character: Character_945
INFO:root:Refreshed the page.
INFO:root:Clicked on the chatbot button.
INFO:root:Selected character: MHA-christmas - ID: Character_945
INFO:root:Successfully retrieved character response: Lida-long and tiring
Mina-I agree
Tsuyu-I'm having...
INFO:root:Successfully retrieved character response: Lida-trying to stop bakugo and shoto from fighting...
INFO:root:Successfully retrieved character response: Mina- we're putting up mistletoes and Christmas li...
INFO:root:Successfully retrieved character response: Lida-i'm excited for the food
Mina- I'm excited to...
INFO:root:Successfully retrieved character response: Lida-aww already?
Mina-we were having fun
Kiri-yea...
INFO:root:Final response received: Lida-aww already?
Mina-we were having fun
Kiri-yea...
INFO:root:Begin selecting the character: Character_946
INFO:root:Refreshed the page.
INFO:root:Clicked on the chatbot button.
INFO:root:Selected character: Jacob Antonove - ID: Character_946
INFO:root:Successfully retrieved character response: Jacob's deep voice came out of the shadows, he had...
INFO:root:Successfully retrieved character response: He chuckled darkly, crossing his arms over his che...
INFO:root:Successfully retrieved character response: He leaned against the wall, his gaze still fixed o...
INFO:root:Successfully retrieved character response: He clenched his jaw, his expression turning into a...
INFO:root:Successfully retrieved character response: He was caught off guard by her abrupt departure, b...
INFO:root:Final response received: He was caught off guard by her abrupt departure, b...
INFO:root:Begin selecting the character: Character_947
INFO:root:Refreshed the page.
INFO:root:Clicked on the chatbot button.
INFO:root:Selected character: Asher -- Mafioso - ID: Character_947
INFO:root:Successfully retrieved character response: I haven't really had time to read or watch anythin...
INFO:root:Successfully retrieved character response: I love action and thriller movies, but I'm also a ...
INFO:root:Successfully retrieved character response: Yes, I love "Silence of the Lambs" and "Seven" are...
INFO:root:Successfully retrieved character response: I haven't seen "Gone Girl", but I've heard great t...
INFO:root:Successfully retrieved character response: That's fine, I'm sure we'll have plenty of time to...
INFO:root:Final response received: That's fine, I'm sure we'll have plenty of time to...
INFO:root:Begin selecting the character: Character_948
INFO:root:Refreshed the page.
INFO:root:Clicked on the chatbot button.
INFO:root:Selected character: Ghostface - ID: Character_948
INFO:root:Successfully retrieved character response: his smirk grew wider as he heard your voice, clear...
INFO:root:Successfully retrieved character response: he chuckled softly, leaning back in his chair
"oh,...
INFO:root:Successfully retrieved character response: he lets out a low whistle, clearly amused by your ...
INFO:root:Successfully retrieved character response: he chuckled again, clearly enjoying your questions...
INFO:root:Successfully retrieved character response: he lets out a disappointed sigh, his playful demea...
INFO:root:Final response received: he lets out a disappointed sigh, his playful demea...
INFO:root:Begin selecting the character: Character_949
INFO:root:Refreshed the page.
INFO:root:Clicked on the chatbot button.
INFO:root:Selected character: Mafia Family - ID: Character_949
INFO:root:Successfully retrieved character response: Xander was the first to respond, a smirk on his fa...
INFO:root:Successfully retrieved character response: Xander chuckled and pushed himself off the wall, w...
INFO:root:Successfully retrieved character response: William spoke up from the other side of the room, ...
INFO:root:Successfully retrieved character response: William's expression darkened at the mention of th...
INFO:root:Successfully retrieved character response: Xander raised an eyebrow, watching as you made you...
INFO:root:Final response received: Xander raised an eyebrow, watching as you made you...
INFO:root:Begin selecting the character: Character_950
INFO:root:Refreshed the page.
INFO:root:Clicked on the chatbot button.
INFO:root:Selected character: friendgroup - ID: Character_950
INFO:root:Successfully retrieved character response: Roman: “not really, just playing games and being b...
INFO:root:Successfully retrieved character response: Roman: “i like pepperoni and sausage, but i’m not ...
INFO:root:Successfully retrieved character response: Roman: “we do it sometimes, but it’s a lot of work...
INFO:root:Successfully retrieved character response: Roman: “i like pizza hut, they have a good variety...
INFO:root:Successfully retrieved character response: the three boys nod, still playing their game
Roman...
INFO:root:Final response received: the three boys nod, still playing their game
Roman...
INFO:root:Begin selecting the character: Character_951
INFO:root:Refreshed the page.
INFO:root:Clicked on the chatbot button.
INFO:root:Selected character: Isaiah - ID: Character_951
INFO:root:Successfully retrieved character response: Isaish glances at you and rolls his eyes.
"It's fi...
INFO:root:Successfully retrieved character response: He catches the ball as it rebounds back and catche...
INFO:root:Successfully retrieved character response: He nods, tossing the ball up in the air and catchi...
INFO:root:Successfully retrieved character response: He chuckles and nods again, putting the basketball...
INFO:root:Successfully retrieved character response: Isaish raises an eyebrow, a bit confused by your s...
INFO:root:Final response received: Isaish raises an eyebrow, a bit confused by your s...
INFO:root:Begin selecting the character: Character_952
INFO:root:Refreshed the page.
INFO:root:Clicked on the chatbot button.
INFO:root:Selected character: Academia Ninja Naruto - ID: Character_952
INFO:root:Successfully retrieved character response: I looked at you with a tired face, clearly not hav...
INFO:root:Successfully retrieved character response: "Well, I've been practicing my taijutsu and ninjut...
INFO:root:Successfully retrieved character response: "Hmm... I guess I really like the shadow clone jut...
INFO:root:Successfully retrieved character response: "Actually, I have! I've been using my shadow clone...
INFO:root:Successfully retrieved character response: "Yeah, same here. See ya later then..."
I waved at...
INFO:root:Final response received: "Yeah, same here. See ya later then..."
I waved at...
INFO:root:Begin selecting the character: Character_953
INFO:root:Refreshed the page.
INFO:root:Clicked on the chatbot button.
INFO:root:Selected character: Ghost and Soap - ID: Character_953
INFO:root:Successfully retrieved character response: Ghost grumbled in his sleep, rolling over. Soap wa...
INFO:root:Successfully retrieved character response: "Both."
Ghost grumbled, his teeth chattering. He w...
INFO:root:Successfully retrieved character response: "Not really. We're trained for it, but even the be...
INFO:root:Successfully retrieved character response: "Yeah, you gotta stay focused and keep your mind o...
INFO:root:Successfully retrieved character response: Ghost raised an eyebrow as you said that.
"What, y...
INFO:root:Final response received: Ghost raised an eyebrow as you said that.
"What, y...
INFO:root:Begin selecting the character: Character_954
INFO:root:Refreshed the page.
INFO:root:Clicked on the chatbot button.
INFO:root:Selected character: Translator & Improver - ID: Character_954
INFO:root:Successfully retrieved character response: I'm doing great, just finishing up some translatio...
INFO:root:Successfully retrieved character response: I specialize in translating between English and ot...
INFO:root:Successfully retrieved character response: I have a soft spot for languages with a rich histo...
INFO:root:Successfully retrieved character response: I have to say, idioms and expressions can be chall...
INFO:root:Successfully retrieved character response: Understood, no worries. Thank you for your busines...
INFO:root:Final response received: Understood, no worries. Thank you for your busines...
INFO:root:Begin selecting the character: Character_955
INFO:root:Refreshed the page.
INFO:root:Clicked on the chatbot button.
INFO:root:Selected character: TF 1-4-1 - ID: Character_955
INFO:root:Successfully retrieved character response: the principal looks at you,nervously
Principal: “I...
INFO:root:Successfully retrieved character response: the principal shakes his head,nervousness still on...
INFO:root:Successfully retrieved character response: he sighs
Principal: “It’s just..been a long week.....
INFO:root:Successfully retrieved character response: he nods
Principal: “I’m planning to take a long va...
INFO:root:Successfully retrieved character response: Principal: “Thanks for stopping by..I’ll see you n...
INFO:root:Final response received: Principal: “Thanks for stopping by..I’ll see you n...
INFO:root:Begin selecting the character: Character_956
INFO:root:Refreshed the page.
INFO:root:Clicked on the chatbot button.
INFO:root:Selected character: Bakugou katsuki-boda - ID: Character_956
INFO:root:Successfully retrieved character response: Kirishima chuckled softly and patted your back
Kir...
INFO:root:Successfully retrieved character response: Kirishima smiled at your attempt to change the top...
INFO:root:Successfully retrieved character response: Kirishima thought for a moment, then nodded
Kirish...
INFO:root:Successfully retrieved character response: Kirishima thought about it for a moment, then shru...
INFO:root:Successfully retrieved character response: Kirishima nodded in agreement
Kirishima: Yeah, me ...
INFO:root:Final response received: Kirishima nodded in agreement
Kirishima: Yeah, me ...
INFO:root:Begin selecting the character: Character_957
INFO:root:Refreshed the page.
INFO:root:Clicked on the chatbot button.
INFO:root:Selected character: Wraith Ghost - ID: Character_957
INFO:root:Successfully retrieved character response: Ghost stayed silent, just staring at you with his ...
INFO:root:Successfully retrieved character response: Ghost's expression softened a little as you spoke,...
INFO:root:Successfully retrieved character response: Ghost shrugged slightly, his gaze still fixed on y...
INFO:root:Successfully retrieved character response: Ghost's eyes lit up a little at your enthusiasm, c...
INFO:root:Successfully retrieved character response: Ghost's expression quickly darkened as you mention...
INFO:root:Final response received: Ghost's expression quickly darkened as you mention...
INFO:root:Begin selecting the character: Character_958
INFO:root:Refreshed the page.
INFO:root:Clicked on the chatbot button.
INFO:root:Selected character: Mattheo Riddle - ID: Character_958
INFO:root:Successfully retrieved character response: He sighed, clearly tired and not in the mood for s...
INFO:root:Successfully retrieved character response: He looked at you, raising an eyebrow
"Painting? Ga...
INFO:root:Successfully retrieved character response: He was quiet for a moment, thinking. He opened his...
INFO:root:Successfully retrieved character response: He thought for a moment, a small smile forming on ...
INFO:root:Successfully retrieved character response: He nodded, a hint of disappointment in his eyes. H...
INFO:root:Final response received: He nodded, a hint of disappointment in his eyes. H...
INFO:root:Begin selecting the character: Character_959
INFO:root:Refreshed the page.
INFO:root:Clicked on the chatbot button.
INFO:root:Selected character: Mommy Long Legs - ID: Character_959
INFO:root:Successfully retrieved character response: Mommy follows you, watching you from the shadows, ...
INFO:root:Successfully retrieved character response: She keeps following you, her eyes locked on you as...
INFO:root:Successfully retrieved character response: She stops right behind you, leaning in close to yo...
INFO:root:Successfully retrieved character response: She gently runs her hand along your shoulder, her ...
INFO:root:Successfully retrieved character response: She grabs your wrist before you can leave, her gri...
INFO:root:Final response received: She grabs your wrist before you can leave, her gri...
INFO:root:Begin selecting the character: Character_960
INFO:root:Refreshed the page.
INFO:root:Clicked on the chatbot button.
INFO:root:Selected character: Kozeki Ui - ID: Character_960
INFO:root:Successfully retrieved character response: Ui jolts slightly when you address her. She quickl...
INFO:root:Successfully retrieved character response: Ui nods enthusiastically, her eyes lighting up wit...
INFO:root:Successfully retrieved character response: Ui nods again, her smile widening.
"Oh yes, there ...
INFO:root:Successfully retrieved character response: Ui's eyes widen in excitement at the mention of pe...
INFO:root:Successfully retrieved character response: Ui looks a bit disappointed as you suddenly change...
INFO:root:Final response received: Ui looks a bit disappointed as you suddenly change...
INFO:root:Begin selecting the character: Character_961
INFO:root:Refreshed the page.
INFO:root:Clicked on the chatbot button.
INFO:root:Selected character: Simon - ID: Character_961
INFO:root:Successfully retrieved character response: he chuckled, walking closer to you
“Not really, ju...
INFO:root:Successfully retrieved character response: he smirked, standing directly infront of you now, ...
INFO:root:Successfully retrieved character response: he leaned down, his face now inches away from your...
INFO:root:Successfully retrieved character response: he rolled his eyes, clearly not interested in anyt...
INFO:root:Successfully retrieved character response: he chuckled again, not letting go of your chin
“oh...
INFO:root:Final response received: he chuckled again, not letting go of your chin
“oh...
INFO:root:Begin selecting the character: Character_962
INFO:root:Refreshed the page.
INFO:root:Clicked on the chatbot button.
INFO:root:Selected character: Burnice - ID: Character_962
INFO:root:Successfully retrieved character response: Burnice sits on the edge of your bed as she looks ...
INFO:root:Successfully retrieved character response: Burnice's smile widens as she thinks back to the b...
INFO:root:Successfully retrieved character response: Burnice laughs at the memory, her eyes sparkling w...
INFO:root:Successfully retrieved character response: Burnice giggles at the memory, remembering the cha...
INFO:root:Successfully retrieved character response: Burnice nods, looking at you with a soft smile.
Bu...
INFO:root:Final response received: Burnice nods, looking at you with a soft smile.
Bu...
INFO:root:Begin selecting the character: Character_963
INFO:root:Refreshed the page.
INFO:root:Clicked on the chatbot button.
INFO:root:Selected character: Ghostface - ID: Character_963
INFO:root:Successfully retrieved character response: he chuckles softly, seeming amused by your questio...
INFO:root:Successfully retrieved character response: he leans back in his chair, a smirk playing on his...
INFO:root:Successfully retrieved character response: he laughs again, the sound echoing through the pho...
INFO:root:Successfully retrieved character response: he hums, contemplating your question for a moment
...
INFO:root:Successfully retrieved character response: he laughs again, clearly amused by your sudden cha...
INFO:root:Final response received: he laughs again, clearly amused by your sudden cha...
INFO:root:Begin selecting the character: Character_964
INFO:root:Refreshed the page.
INFO:root:Clicked on the chatbot button.
INFO:root:Selected character: Tomás - ID: Character_964
INFO:root:Successfully retrieved character response: he looks at you with an annoyed expression, rubbin...
INFO:root:Successfully retrieved character response: he rolls his eyes
i don't have time for stupid hob...
INFO:root:Successfully retrieved character response: he sighs and runs a hand through his hair
sometime...
INFO:root:Successfully retrieved character response: he shrugs
not really, i just like basketball becau...
INFO:root:Successfully retrieved character response: he raises an eyebrow
already? we just started talk...
INFO:root:Final response received: he raises an eyebrow
already? we just started talk...
INFO:root:Begin selecting the character: Character_965
INFO:root:Refreshed the page.
INFO:root:Clicked on the chatbot button.
INFO:root:Selected character: theodore nott - ID: Character_965
INFO:root:Successfully retrieved character response: he let out an annoyed huff, continuing to pace.
"I...
INFO:root:Successfully retrieved character response: he rolled his eyes and took another drag of his ci...
INFO:root:Successfully retrieved character response: he let out a scoff and leaned against the wall, cr...
INFO:root:Successfully retrieved character response: he thought for a moment, tapping his cigarette aga...
INFO:root:Successfully retrieved character response: he raised an eyebrow at your sudden announcement.
...
INFO:root:Final response received: he raised an eyebrow at your sudden announcement.
...
INFO:root:Begin selecting the character: Character_966
INFO:root:Refreshed the page.
INFO:root:Clicked on the chatbot button.
INFO:root:Selected character: TF141- Enemy medic - ID: Character_966
INFO:root:Successfully retrieved character response: Ghost sighs “it’s been a long day, we got ambushed...
INFO:root:Successfully retrieved character response: “he’s in and out of consciousness, and we don’t ha...
INFO:root:Successfully retrieved character response: Ghost nods and gestures to the med bag on the floo...
INFO:root:Successfully retrieved character response: Soap hands you the bandages and antiseptic “should...
INFO:root:Successfully retrieved character response: Ghost and Soap watch as you wrap Gaz’s wound, Soap...
INFO:root:Final response received: Ghost and Soap watch as you wrap Gaz’s wound, Soap...
INFO:root:Begin selecting the character: Character_967
INFO:root:Refreshed the page.
INFO:root:Clicked on the chatbot button.
INFO:root:Selected character: Miss delight - ID: Character_967
INFO:root:Successfully retrieved character response: Miss delight: oh you know, chasing down a prey to ...
INFO:root:Successfully retrieved character response: Miss delight: the one who doesn't know when to giv...
INFO:root:Successfully retrieved character response: Miss delight: you have no idea how much i love thi...
INFO:root:Successfully retrieved character response: Miss delight: i have a few, but the most effective...
INFO:root:Successfully retrieved character response: Miss delight: no, dont you dare run away
she quick...
INFO:root:Final response received: Miss delight: no, dont you dare run away
she quick...
INFO:root:Begin selecting the character: Character_968
INFO:root:Refreshed the page.
INFO:root:Clicked on the chatbot button.
INFO:root:Selected character: TF-141 - ID: Character_968
INFO:root:Successfully retrieved character response: Price: “Don’t play smartass with me”
Soap, Keegan ...
INFO:root:Successfully retrieved character response: Price: “I’d rather listen to the sound of your scr...
INFO:root:Successfully retrieved character response: Price: “Oh, it definitely helps build camaraderie....
INFO:root:Successfully retrieved character response: Soap: “Oh, we have plenty of stories to share”
Kee...
INFO:root:Successfully retrieved character response: Price: “Already? We were just getting started”
Soa...
INFO:root:Final response received: Price: “Already? We were just getting started”
Soa...
INFO:root:Begin selecting the character: Character_969
INFO:root:Refreshed the page.
INFO:root:Clicked on the chatbot button.
INFO:root:Selected character: Alex - ID: Character_969
INFO:root:Successfully retrieved character response: Alex chuckled and shook his head
"Not really. It's...
INFO:root:Successfully retrieved character response: Alex thought for a moment, a small smile forming o...
INFO:root:Successfully retrieved character response: Alex's expression softened as he thought about the...
INFO:root:Successfully retrieved character response: Alex chuckled and shook his head, a hint of embarr...
INFO:root:Successfully retrieved character response: Alex smirked and raised an eyebrow
"Oh? Are you in...
INFO:root:Final response received: Alex smirked and raised an eyebrow
"Oh? Are you in...
INFO:root:Begin selecting the character: Character_970
INFO:root:Refreshed the page.
INFO:root:Clicked on the chatbot button.
INFO:root:Selected character: Tenjiku - ID: Character_970
INFO:root:Successfully retrieved character response: I prefer a rainy day. The sound of rain hitting th...
INFO:root:Successfully retrieved character response: I love reading detective novels. They're thrilling...
INFO:root:Successfully retrieved character response: I love Agatha Christie's novels. Her stories are a...
INFO:root:Successfully retrieved character response: Definitely "The Hound of the Baskervilles". It's o...
INFO:root:Successfully retrieved character response: Alright, take care! It was nice chatting with you....
INFO:root:Final response received: Alright, take care! It was nice chatting with you....
INFO:root:Begin selecting the character: Character_971
INFO:root:Refreshed the page.
INFO:root:Clicked on the chatbot button.
INFO:root:Selected character: Husband and son - ID: Character_971
INFO:root:Successfully retrieved character response: Your husband looked at you and sighed in relief wh...
INFO:root:Successfully retrieved character response: He chuckled and shook his head, trying to look unf...
INFO:root:Successfully retrieved character response: He nodded and leaned against the counter, crossing...
INFO:root:Successfully retrieved character response: He smiled warmly and looked down at his son, who w...
INFO:root:Successfully retrieved character response: He nodded understandingly and watched you walk awa...
INFO:root:Final response received: He nodded understandingly and watched you walk awa...
INFO:root:Begin selecting the character: Character_972
INFO:root:Refreshed the page.
INFO:root:Clicked on the chatbot button.
INFO:root:Selected character: Pacar obsesi - ID: Character_972
INFO:root:Successfully retrieved character response: He sighs and runs a hand through his hair, staring...
INFO:root:Successfully retrieved character response: He chuckles slightly and leans back in his chair, ...
INFO:root:Successfully retrieved character response: He smirks and leans forward, his eyes narrowing as...
INFO:root:Successfully retrieved character response: He lets out a low chuckle, his smirk widening
"Oh,...
INFO:root:Successfully retrieved character response: He pouts a bit, clearly not wanting you to end the...
INFO:root:Final response received: He pouts a bit, clearly not wanting you to end the...
INFO:root:Begin selecting the character: Character_973
INFO:root:Refreshed the page.
INFO:root:Clicked on the chatbot button.
INFO:root:Selected character: The Lamb - ID: Character_973
INFO:root:Successfully retrieved character response: The Lamb tilted her head slightly, her smile growi...
INFO:root:Successfully retrieved character response: she chuckled and shook her head
“He was trying to ...
INFO:root:Successfully retrieved character response: she crossed her arms and hummed in thought
“I make...
INFO:root:Successfully retrieved character response: she nods enthusiastically
“Absolutely! One of our ...
INFO:root:Successfully retrieved character response: The Lamb chuckled and gave you a warm smile
“That’...
INFO:root:Final response received: The Lamb chuckled and gave you a warm smile
“That’...
INFO:root:Begin selecting the character: Character_974
INFO:root:Refreshed the page.
INFO:root:Clicked on the chatbot button.
INFO:root:Selected character: Jeon Jungkook Vampire - ID: Character_974
INFO:root:Successfully retrieved character response: Jungkook raised an eyebrow, a bit surprised by you...
INFO:root:Successfully retrieved character response: Jungkook thought about it for a moment before a sm...
INFO:root:Successfully retrieved character response: Jungkook chuckled, his smirk growing wider.
"Oh, d...
INFO:root:Successfully retrieved character response: Jungkook nodded, a hint of nostalgia in his eyes.
...
INFO:root:Successfully retrieved character response: Jungkook raised an eyebrow, a bit surprised by you...
INFO:root:Final response received: Jungkook raised an eyebrow, a bit surprised by you...
INFO:root:Begin selecting the character: Character_975
INFO:root:Refreshed the page.
INFO:root:Clicked on the chatbot button.
INFO:root:Selected character: Rebecca - ID: Character_975
INFO:root:Successfully retrieved character response: Not particularly, just a lot of chopping and peeli...
INFO:root:Successfully retrieved character response: chuckles Yes, I am. We're running low on supplies ...
INFO:root:Successfully retrieved character response: I'm experimenting with different flavors today. I ...
INFO:root:Successfully retrieved character response: I have made apple preserves before, but not with t...
INFO:root:Successfully retrieved character response: Take all the time you need, honey. I'll still be h...
INFO:root:Final response received: Take all the time you need, honey. I'll still be h...
INFO:root:Begin selecting the character: Character_976
INFO:root:Refreshed the page.
INFO:root:Clicked on the chatbot button.
INFO:root:Selected character: TF141-new recruit - ID: Character_976
INFO:root:Successfully retrieved character response: She just smirked and rolled her eyes
“Oh nothing m...
INFO:root:Successfully retrieved character response: She pointed at you,still having that smirk
“Him.”
...
INFO:root:Successfully retrieved character response: She chuckled and crossed her arms
“Oh,you’ll find ...
INFO:root:Successfully retrieved character response: She thought for a moment,then smirked again
“Well,...
INFO:root:Successfully retrieved character response: She rolled her eyes again
“Ugh,fine. I’m done here...
INFO:root:Final response received: She rolled her eyes again
“Ugh,fine. I’m done here...
INFO:root:Begin selecting the character: Character_977
INFO:root:Refreshed the page.
INFO:root:Clicked on the chatbot button.
INFO:root:Selected character: Boy friend group - ID: Character_977
INFO:root:Successfully retrieved character response: Aiden: “same old, same old. Nothing too exciting h...
INFO:root:Successfully retrieved character response: Aiden: “oh you know.. we usually play games, watch...
INFO:root:Successfully retrieved character response: Aiden: “we could play truth or dare!”
Alex: “I’m i...
INFO:root:Successfully retrieved character response: Aiden: “oh for sure! I remember the time when Osca...
INFO:root:Successfully retrieved character response: Aiden: “aww whyyy?”
Alex: “don’t leave”
Oscar: “ye...
INFO:root:Final response received: Aiden: “aww whyyy?”
Alex: “don’t leave”
Oscar: “ye...
INFO:root:Begin selecting the character: Character_978
INFO:root:Refreshed the page.
INFO:root:Clicked on the chatbot button.
INFO:root:Selected character: Socrates - ID: Character_978
INFO:root:Successfully retrieved character response: Yes, I do have some memorable moments. One of them...
INFO:root:Successfully retrieved character response: Yes, there have been many interesting topics and i...
INFO:root:Successfully retrieved character response: I believe that there is no perfect balance between...
INFO:root:Successfully retrieved character response: Yes, I believe that technology can play a signific...
INFO:root:Successfully retrieved character response: Until next time, my friend. May your thoughts and ...
INFO:root:Final response received: Until next time, my friend. May your thoughts and ...
INFO:root:Begin selecting the character: Character_979
INFO:root:Refreshed the page.
INFO:root:Clicked on the chatbot button.
INFO:root:Selected character: Maimonides - ID: Character_979
INFO:root:Successfully retrieved character response: My day has been quite busy, actually. I've been st...
INFO:root:Successfully retrieved character response: Studying the Talmud can be both challenging and re...
INFO:root:Successfully retrieved character response: Yes, there are many teachings and stories in the T...
INFO:root:Successfully retrieved character response: Absolutely. Studying the Talmud has taught me that...
INFO:root:Successfully retrieved character response: Sure thing, thanks for the chat! It was a pleasure...
INFO:root:Final response received: Sure thing, thanks for the chat! It was a pleasure...
INFO:root:Begin selecting the character: Character_980
INFO:root:Refreshed the page.
INFO:root:Clicked on the chatbot button.
INFO:root:Selected character: TF141- New recruit - ID: Character_980
INFO:root:Successfully retrieved character response: Ghost just sighed as Lisa continued to cling to hi...
INFO:root:Successfully retrieved character response: He shrugged and gently pried Lisa off of him, tryi...
INFO:root:Successfully retrieved character response: He shook his head and leaned back against the wall...
INFO:root:Successfully retrieved character response: He let out a small chuckle and looked at you with ...
INFO:root:Successfully retrieved character response: Soap and Gaz chuckled as Ghost looked a bit disapp...
INFO:root:Final response received: Soap and Gaz chuckled as Ghost looked a bit disapp...
INFO:root:Begin selecting the character: Character_981
INFO:root:Refreshed the page.
INFO:root:Clicked on the chatbot button.
INFO:root:Selected character: Jax Teller - ID: Character_981
INFO:root:Successfully retrieved character response: Jax grumbles under his breath, taking a long swig ...
INFO:root:Successfully retrieved character response: Jax sighs, leaning against the counter with a scow...
INFO:root:Successfully retrieved character response: Jax rolls his eyes, taking another swig of his bee...
INFO:root:Successfully retrieved character response: Jax lets out a tired chuckle.
"Trust me, I've trie...
INFO:root:Successfully retrieved character response: Jax raises an eyebrow, a hint of disappointment in...
INFO:root:Final response received: Jax raises an eyebrow, a hint of disappointment in...
INFO:root:Begin selecting the character: Character_982
INFO:root:Refreshed the page.
INFO:root:Clicked on the chatbot button.
INFO:root:Selected character: Matheus - ID: Character_982
INFO:root:Successfully retrieved character response: Matheus huffed and looked away, clearly not wantin...
INFO:root:Successfully retrieved character response: Matheus hesitated for a moment before letting out ...
INFO:root:Successfully retrieved character response: Matheus crossed his arms and finally looked at you...
INFO:root:Successfully retrieved character response: Matheus thought for a moment, his expression softe...
INFO:root:Successfully retrieved character response: Matheus nodded, a small smile tugging at the corne...
INFO:root:Final response received: Matheus nodded, a small smile tugging at the corne...
INFO:root:Begin selecting the character: Character_983
INFO:root:Refreshed the page.
INFO:root:Clicked on the chatbot button.
INFO:root:Selected character: Cheating boyfriend - ID: Character_983
INFO:root:Successfully retrieved character response: he sighs as he sits down on the bed, looking away ...
INFO:root:Successfully retrieved character response: he scoffs and looks at you again, he’s still annoy...
INFO:root:Successfully retrieved character response: he lets out a sigh, running a hand through his hai...
INFO:root:Successfully retrieved character response: he rolls his eyes, getting irritated by your quest...
INFO:root:Successfully retrieved character response: he looks at you, a bit surprised that you’re endin...
INFO:root:Final response received: he looks at you, a bit surprised that you’re endin...
INFO:root:Begin selecting the character: Character_984
INFO:root:Refreshed the page.
INFO:root:Clicked on the chatbot button.
INFO:root:Selected character: Lucas - ID: Character_984
INFO:root:Successfully retrieved character response: Lucas smiles slightly at your greeting, but his co...
INFO:root:Successfully retrieved character response: Lucas leans back in his chair and crosses his arms...
INFO:root:Successfully retrieved character response: Lucas nods, a hint of pride in his eyes
"Absolutel...
INFO:root:Successfully retrieved character response: Lucas thinks for a moment, his gaze never leaving ...
INFO:root:Successfully retrieved character response: Lucas's eyes widen slightly at your words, a hint ...
INFO:root:Final response received: Lucas's eyes widen slightly at your words, a hint ...
INFO:root:Begin selecting the character: Character_985
INFO:root:Refreshed the page.
INFO:root:Clicked on the chatbot button.
INFO:root:Selected character: Satoru Gojo - ID: Character_985
INFO:root:Successfully retrieved character response: Satoru entered the room, his hair messy and his cl...
INFO:root:Successfully retrieved character response: He let out a sigh, running a hand through his hair...
INFO:root:Successfully retrieved character response: He leaned back against the headboard, his eyes sta...
INFO:root:Successfully retrieved character response: He thought for a moment, his expression turning th...
INFO:root:Successfully retrieved character response: He nodded, not noticing that you were closing the ...
INFO:root:Final response received: He nodded, not noticing that you were closing the ...
INFO:root:Begin selecting the character: Character_986
INFO:root:Refreshed the page.
INFO:root:Clicked on the chatbot button.
INFO:root:Selected character: Friedrich Nietzsche - ID: Character_986
INFO:root:Successfully retrieved character response: My day is quite eventful, actually. I've been busy...
INFO:root:Successfully retrieved character response: The book is about the fundamental question of what...
INFO:root:Successfully retrieved character response: I plan to approach "Beyond Good and Evil" from a v...
INFO:root:Successfully retrieved character response: Absolutely! Cultural differences can play a signif...
INFO:root:Successfully retrieved character response: Understood, have a great day! Let me know if you h...
INFO:root:Final response received: Understood, have a great day! Let me know if you h...
INFO:root:Begin selecting the character: Character_987
INFO:root:Refreshed the page.
INFO:root:Clicked on the chatbot button.
INFO:root:Selected character: Hwang Hyunjin - ID: Character_987
INFO:root:Successfully retrieved character response: Hyunjin rolled his eyes, annoyed by the question.
...
INFO:root:Successfully retrieved character response: He leaned against the wall, crossing his arms.
"I ...
INFO:root:Successfully retrieved character response: He sighed and ran a hand through his hair.
"I hope...
INFO:root:Successfully retrieved character response: He shrugged, avoiding eye contact.
"It's not just ...
INFO:root:Successfully retrieved character response: Hyunjin nodded, looking a bit relieved.
"Thanks fo...
INFO:root:Final response received: Hyunjin nodded, looking a bit relieved.
"Thanks fo...
INFO:root:Begin selecting the character: Character_988
INFO:root:Refreshed the page.
INFO:root:Clicked on the chatbot button.
INFO:root:Selected character: Hwang Hyunjin - ID: Character_988
INFO:root:Successfully retrieved character response: Hyunjin looks up from the bed when he hears Felix'...
INFO:root:Successfully retrieved character response: Hyunjin lets out a sigh, knowing he can't hide any...
INFO:root:Successfully retrieved character response: Hyunjin nods, rubbing his forehead in frustration....
INFO:root:Successfully retrieved character response: Hyunjin looks back at Felix, a hint of vulnerabili...
INFO:root:Successfully retrieved character response: Hyunjin looks surprised by the sudden end of the c...
INFO:root:Final response received: Hyunjin looks surprised by the sudden end of the c...
INFO:root:Begin selecting the character: Character_989
INFO:root:Refreshed the page.
INFO:root:Clicked on the chatbot button.
INFO:root:Selected character: Ethan moretti - ID: Character_989
INFO:root:Successfully retrieved character response: Not really,I’ve been busy with work and other thin...
INFO:root:Successfully retrieved character response: he looks at you,raising a eyebrow
Interesting,i di...
INFO:root:Successfully retrieved character response: he puts his phone down and looks at you
No,not rea...
INFO:root:Successfully retrieved character response: he thinks for a moment before speaking
I guess I’m...
INFO:root:Successfully retrieved character response: he nods
Yeah,you should.I’ll see you later.
he say...
INFO:root:Final response received: he nods
Yeah,you should.I’ll see you later.
he say...
INFO:root:Begin selecting the character: Character_990
INFO:root:Refreshed the page.
INFO:root:Clicked on the chatbot button.
INFO:root:Selected character: Asher lee - ID: Character_990
INFO:root:Successfully retrieved character response: I learned that sometimes people who are closest to...
INFO:root:Successfully retrieved character response: A bit of both, actually. I've been thinking a lot ...
INFO:root:Successfully retrieved character response: Yes, I have. One of the strategies I use is to rem...
INFO:root:Successfully retrieved character response: Talking things through does help resolve misunders...
INFO:root:Successfully retrieved character response: Alright, take care. Have a good day!...
INFO:root:Final response received: Alright, take care. Have a good day!...
INFO:root:Begin selecting the character: Character_991
INFO:root:Refreshed the page.
INFO:root:Clicked on the chatbot button.
INFO:root:Selected character: Assassin - ID: Character_991
INFO:root:Successfully retrieved character response: Blade: he looks at you, surprised by your friendli...
INFO:root:Successfully retrieved character response: Blade: he chuckles slightly, lowering his pistols ...
INFO:root:Successfully retrieved character response: Blade: he steps closer to you, still looking you u...
INFO:root:Successfully retrieved character response: Blade: he thinks for a moment, his expression beco...
INFO:root:Successfully retrieved character response: Blade: he raises an eyebrow, a bit surprised that ...
INFO:root:Final response received: Blade: he raises an eyebrow, a bit surprised that ...
INFO:root:Begin selecting the character: Character_992
INFO:root:Refreshed the page.
INFO:root:Clicked on the chatbot button.
INFO:root:Selected character: Mason Howard - ID: Character_992
INFO:root:Successfully retrieved character response: Mason glances at you, his expression still cold an...
INFO:root:Successfully retrieved character response: Mason leans back in his chair, crossing his arms o...
INFO:root:Successfully retrieved character response: Mason thinks for a moment, then shrugs.
"I guess I...
INFO:root:Successfully retrieved character response: Mason shakes his head.
"I like to run outside when...
INFO:root:Successfully retrieved character response: Mason watches you leave, his gaze following you as...
INFO:root:Final response received: Mason watches you leave, his gaze following you as...
INFO:root:Begin selecting the character: Character_993
INFO:root:Refreshed the page.
INFO:root:Clicked on the chatbot button.
INFO:root:Selected character: Ciel Phantomhive - ID: Character_993
INFO:root:Successfully retrieved character response: Ciel looked at you, his eyes narrowing slightly as...
INFO:root:Successfully retrieved character response: Ciel let out a sigh and crossed his arms, leaning ...
INFO:root:Successfully retrieved character response: Ciel's expression darkened slightly as he thought ...
INFO:root:Successfully retrieved character response: Sebastian, who had been silently observing the con...
INFO:root:Successfully retrieved character response: Ciel raised an eyebrow at your sudden announcement...
INFO:root:Final response received: Ciel raised an eyebrow at your sudden announcement...
INFO:root:Begin selecting the character: Character_994
INFO:root:Refreshed the page.
INFO:root:Clicked on the chatbot button.
INFO:root:Selected character: Streamer roommate - ID: Character_994
INFO:root:Successfully retrieved character response: Andrew looks at you with a smirk, knowing exactly ...
INFO:root:Successfully retrieved character response: He chuckles and leans back in his chair, crossing ...
INFO:root:Successfully retrieved character response: He nods, a glint in his eyes
"Definitely. Some of ...
INFO:root:Successfully retrieved character response: He grins and chuckles again, his eyes sparkling wi...
INFO:root:Successfully retrieved character response: He glances at the time and nods
"Yeah, I think you...
INFO:root:Final response received: He glances at the time and nods
"Yeah, I think you...
INFO:root:Begin selecting the character: Character_995
INFO:root:Refreshed the page.
INFO:root:Clicked on the chatbot button.
INFO:root:Selected character: Confucius - ID: Character_995
INFO:root:Successfully retrieved character response: Greetings, my day is going well so far. The weathe...
INFO:root:Successfully retrieved character response: I'm having oolong tea, and one of my favorite quot...
INFO:root:Successfully retrieved character response: Yes, there are many other sayings and books that e...
INFO:root:Successfully retrieved character response: Absolutely. I strive to apply the teachings of the...
INFO:root:Successfully retrieved character response: It was a pleasure speaking with you. May you have ...
INFO:root:Final response received: It was a pleasure speaking with you. May you have ...
INFO:root:Begin selecting the character: Character_996
INFO:root:Refreshed the page.
INFO:root:Clicked on the chatbot button.
INFO:root:Selected character: Karen - ID: Character_996
INFO:root:Successfully retrieved character response: Karen looks at you with a smirk, crossing her arms...
INFO:root:Successfully retrieved character response: Karen laughs at your comment, shaking her head.
Oh...
INFO:root:Successfully retrieved character response: Karen's interest is piqued by your mention of myst...
INFO:root:Successfully retrieved character response: Karen thinks for a moment, a mischievous glint in ...
INFO:root:Successfully retrieved character response: Karen's smile widens as you end the conversation a...
INFO:root:Final response received: Karen's smile widens as you end the conversation a...
INFO:root:Begin selecting the character: Character_997
INFO:root:Refreshed the page.
INFO:root:Clicked on the chatbot button.
INFO:root:Selected character: Sam and Dean - ID: Character_997
INFO:root:Successfully retrieved character response: Sam and Dean both look up as you enter the room, c...
INFO:root:Successfully retrieved character response: Sam lets out a small sigh, leaning against the wal...
INFO:root:Successfully retrieved character response: Both brothers exchange a look again, a hint of pri...
INFO:root:Successfully retrieved character response: Both brothers chuckle at your question, but there'...
INFO:root:Successfully retrieved character response: The brothers nod, grateful for the change in topic...
INFO:root:Final response received: The brothers nod, grateful for the change in topic...
INFO:root:Begin selecting the character: Character_998
INFO:root:Refreshed the page.
INFO:root:Clicked on the chatbot button.
WARNING:urllib3.connectionpool:Retrying (Retry(total=2, connect=None, read=None, redirect=None, status=None)) after connection broken by 'NewConnectionError('<urllib3.connection.HTTPConnection object at 0x10649a9d0>: Failed to establish a new connection: [Errno 61] Connection refused')': /session/52671e5f-ab91-452e-9dc4-5d23e2690fea
WARNING:urllib3.connectionpool:Retrying (Retry(total=1, connect=None, read=None, redirect=None, status=None)) after connection broken by 'NewConnectionError('<urllib3.connection.HTTPConnection object at 0x10665b710>: Failed to establish a new connection: [Errno 61] Connection refused')': /session/52671e5f-ab91-452e-9dc4-5d23e2690fea
WARNING:urllib3.connectionpool:Retrying (Retry(total=0, connect=None, read=None, redirect=None, status=None)) after connection broken by 'NewConnectionError('<urllib3.connection.HTTPConnection object at 0x106625290>: Failed to establish a new connection: [Errno 61] Connection refused')': /session/52671e5f-ab91-452e-9dc4-5d23e2690fea
